==============================================================
Vitis HLS - High-Level Synthesis from C, C++ and OpenCL v2023.1 (64-bit)
Tool Version Limit: 2023.05
Copyright 1986-2022 Xilinx, Inc. All Rights Reserved.
Copyright 2022-2023 Advanced Micro Devices, Inc. All Rights Reserved.

==============================================================
INFO: [HLS 200-1505] Using default flow_target 'vivado'
INFO: [HLS 200-1510] Running: set_part xcu250-figd2104-2L-e 
INFO: [HLS 200-1611] Setting target device to 'xcu250-figd2104-2L-e'
INFO: [HLS 200-1510] Running: create_clock -period 4 -name default 
INFO: [SYN 201-201] Setting up clock 'default' with a period of 4ns.
WARNING: [HLS 200-484] The 'config_bind -effort' command is deprecated and will be removed in a future release.
INFO: [HLS 200-1510] Running: config_compile -pipeline_loops 1 
INFO: [XFORM 203-1171] Pipeline the innermost loop with trip count more than 1 or its parent loop when its trip count is less than or equal 1.
INFO: [HLS 200-1510] Running: csim_design 
INFO: [SIM 211-2] *************** CSIM start ***************
INFO: [SIM 211-4] CSIM will launch GCC as the compiler.
INFO: [HLS 200-2036] Building debug C Simulation binaries
INFO: [SIM 211-1] CSim done with 0 errors.
INFO: [SIM 211-3] *************** CSIM finish ***************
INFO: [HLS 200-111] Finished Command csim_design CPU user time: 0.11 seconds. CPU system time: 0.32 seconds. Elapsed time: 0.46 seconds; current allocated memory: 0.234 MB.
INFO: [HLS 200-1510] Running: csynth_design 
INFO: [HLS 200-111] Finished File checks and directory preparation: CPU user time: 0.05 seconds. CPU system time: 0.01 seconds. Elapsed time: 0.06 seconds; current allocated memory: 1.089 GB.
INFO: [HLS 200-10] Analyzing design file 'vect_mult.cpp' ... 
INFO: [HLS 200-111] Finished Source Code Analysis and Preprocessing: CPU user time: 0.23 seconds. CPU system time: 0.46 seconds. Elapsed time: 0.69 seconds; current allocated memory: 1.091 GB.
INFO: [HLS 200-777] Using interface defaults for 'Vivado' flow target.
INFO: [HLS 200-1995] There were 10 instructions in the design after the 'Compile/Link' phase of compilation. See the Design Size Report for more details: /workspace/examples/vect_mult/vect_mult_prj/solution1/syn/report/csynth_design_size.rpt
INFO: [HLS 200-1995] There were 9 instructions in the design after the 'Unroll/Inline' phase of compilation. See the Design Size Report for more details: /workspace/examples/vect_mult/vect_mult_prj/solution1/syn/report/csynth_design_size.rpt
INFO: [HLS 200-1995] There were 15 instructions in the design after the 'Performance/Pipeline' phase of compilation. See the Design Size Report for more details: /workspace/examples/vect_mult/vect_mult_prj/solution1/syn/report/csynth_design_size.rpt
INFO: [HLS 200-1995] There were 21 instructions in the design after the 'Optimizations' phase of compilation. See the Design Size Report for more details: /workspace/examples/vect_mult/vect_mult_prj/solution1/syn/report/csynth_design_size.rpt
INFO: [HLS 200-111] Finished Compiling Optimization and Transform: CPU user time: 1.47 seconds. CPU system time: 0.54 seconds. Elapsed time: 6.88 seconds; current allocated memory: 1.092 GB.
INFO: [HLS 200-111] Finished Checking Pragmas: CPU user time: 0 seconds. CPU system time: 0 seconds. Elapsed time: 0 seconds; current allocated memory: 1.092 GB.
INFO: [HLS 200-10] Starting code transformations ...
INFO: [HLS 200-111] Finished Standard Transforms: CPU user time: 0.01 seconds. CPU system time: 0 seconds. Elapsed time: 0.01 seconds; current allocated memory: 1.092 GB.
INFO: [HLS 200-10] Checking synthesizability ...
INFO: [HLS 200-111] Finished Checking Synthesizability: CPU user time: 0 seconds. CPU system time: 0 seconds. Elapsed time: 0.01 seconds; current allocated memory: 1.092 GB.
INFO: [HLS 200-111] Finished Loop, function and other optimizations: CPU user time: 0.02 seconds. CPU system time: 0 seconds. Elapsed time: 0.01 seconds; current allocated memory: 1.112 GB.
INFO: [HLS 200-111] Finished Architecture Synthesis: CPU user time: 0.01 seconds. CPU system time: 0 seconds. Elapsed time: 0.01 seconds; current allocated memory: 1.112 GB.
INFO: [HLS 200-10] Starting hardware synthesis ...
INFO: [HLS 200-10] Synthesizing 'vect_mult' ...
INFO: [HLS 200-10] ----------------------------------------------------------------
INFO: [HLS 200-42] -- Implementing module 'vect_mult' 
INFO: [HLS 200-10] ----------------------------------------------------------------
INFO: [SCHED 204-11] Starting scheduling ...
INFO: [SCHED 204-11] Finished scheduling.
INFO: [HLS 200-111] Finished Scheduling: CPU user time: 0.09 seconds. CPU system time: 0.06 seconds. Elapsed time: 0.14 seconds; current allocated memory: 1.112 GB.
INFO: [BIND 205-100] Starting micro-architecture generation ...
INFO: [BIND 205-101] Performing variable lifetime analysis.
INFO: [BIND 205-101] Exploring resource sharing.
INFO: [BIND 205-101] Binding ...
INFO: [BIND 205-101] Start micro-architecture refinement ...
INFO: [BIND 205-100] Current cost: 174.2
INFO: [BIND 205-100]  Iter  Moves  Swaps Merges  Swept   Fu     Reg     Cost   
INFO: [BIND 205-100]   0      0      0      0      0     13      3      174.2  
INFO: [BIND 205-100]   1      6      3      1      0     13      3      151.2  
INFO: [BIND 205-100]   2      4      3      0      0     13      3      151.2  
INFO: [BIND 205-100]   3      4      3      0      0     13      3      151.2  
INFO: [BIND 205-100]   4      4      3      0      0     13      3      151.2  
INFO: [BIND 205-100] Final cost: 151.2
INFO: [BIND 205-101] Done micro-architecture refinement; elapsed 0.004221 sec.
INFO: [BIND 205-100] Finished micro-architecture generation.
INFO: [HLS 200-111] Finished Binding: CPU user time: 0.18 seconds. CPU system time: 0 seconds. Elapsed time: 0.19 seconds; current allocated memory: 1.112 GB.
INFO: [HLS 200-10] ----------------------------------------------------------------
INFO: [HLS 200-10] -- Generating RTL for module 'vect_mult' 
INFO: [HLS 200-10] ----------------------------------------------------------------
WARNING: [RTGEN 206-101] Design contains AXI ports. Reset is fixed to synchronous and active low.
INFO: [RTGEN 206-500] Setting interface mode on port 'vect_mult/gmem' to 'm_axi'.
INFO: [RTGEN 206-500] Setting interface mode on port 'vect_mult/size' to 's_axilite & ap_none'.
INFO: [RTGEN 206-500] Setting interface mode on port 'vect_mult/a' to 's_axilite & ap_none'.
INFO: [RTGEN 206-500] Setting interface mode on port 'vect_mult/b' to 's_axilite & ap_none'.
INFO: [RTGEN 206-500] Setting interface mode on port 'vect_mult/c' to 's_axilite & ap_none'.
INFO: [RTGEN 206-500] Setting interface mode on function 'vect_mult' to 's_axilite & ap_ctrl_hs'.
INFO: [RTGEN 206-100] Bundling port 'size', 'a', 'b', 'c' and 'return' to AXI-Lite port control.
INFO: [RTGEN 206-100] Finished creating RTL model for 'vect_mult'.
INFO: [HLS 200-111] Finished Creating RTL model: CPU user time: 0.03 seconds. CPU system time: 0 seconds. Elapsed time: 0.04 seconds; current allocated memory: 1.112 GB.
INFO: [HLS 200-111] Finished Generating all RTL models: CPU user time: 0.2 seconds. CPU system time: 0.01 seconds. Elapsed time: 0.2 seconds; current allocated memory: 1.112 GB.
INFO: [HLS 200-111] Finished Updating report files: CPU user time: 0.29 seconds. CPU system time: 0 seconds. Elapsed time: 0.29 seconds; current allocated memory: 1.112 GB.
INFO: [VHDL 208-304] Generating VHDL RTL for vect_mult.
INFO: [VLOG 209-307] Generating Verilog RTL for vect_mult.
INFO: [HLS 200-789] **** Estimated Fmax: 342.47 MHz
INFO: [HLS 200-111] Finished Command csynth_design CPU user time: 2.58 seconds. CPU system time: 1.08 seconds. Elapsed time: 8.53 seconds; current allocated memory: 23.883 MB.
INFO: [HLS 200-1510] Running: cosim_design 
INFO: [COSIM 212-47] Using XSIM for RTL simulation.
INFO: [COSIM 212-14] Instrumenting C test bench ...
INFO: [COSIM 212-302] Starting C TB testing ... 
INFO: [COSIM 212-333] Generating C post check test bench ...
INFO: [COSIM 212-12] Generating RTL test bench ...
INFO: [COSIM 212-1] *** C/RTL co-simulation file generation completed. ***
INFO: [COSIM 212-323] Starting verilog simulation. 
INFO: [COSIM 212-15] Starting XSIM ...
WARNING: [HLS 200-2011] Cannot find the 'zip' utility on this system. This is required for cosimulation.
INFO: [COSIM 212-316] Starting C post checking ...
INFO: [COSIM 212-1000] *** C/RTL co-simulation finished: PASS ***
INFO: [COSIM 212-211] II is measurable only when transaction number is greater than 1 in RTL simulation. Otherwise, they will be marked as all NA. If user wants to calculate them, please make sure there are at least 2 transactions in RTL simulation.
INFO: [HLS 200-111] Finished Command cosim_design CPU user time: 10.81 seconds. CPU system time: 2.12 seconds. Elapsed time: 12.48 seconds; current allocated memory: 6.770 MB.
