INFO-FLOW: Workspace /workspace/examples/backprop/backprop_prj/solution opened at Fri Apr 26 10:10:01 UTC 2024
Execute     send_msg_by_id INFO @200-1505@%s%s default  vivado 
INFO: [HLS 200-1505] Using default flow_target 'vivado'
Execute   set_part xqzu29dr-ffrf1760-1-i 
INFO: [HLS 200-1510] Running: set_part xqzu29dr-ffrf1760-1-i 
Execute     create_platform xqzu29dr-ffrf1760-1-i -board  
DBG:HLSDevice: Trying to load device library: /home/jc2489/tools/Xilinx/2023.1/Vitis_HLS/2023.1/lib/lnx64.o/libxv_hlsvwrap.so
DBG:HLSDevice: first parts/arch.xml in RDI_DATADIR: /home/jc2489/tools/Xilinx/2023.1/Vivado/2023.1/data/parts/arch.xml
DBG:HLSDevice: init success
INFO: [HLS 200-1611] Setting target device to 'xqzu29dr-ffrf1760-1-i'
Command     create_platform done; 1.77 sec.
Execute     source /home/jc2489/tools/Xilinx/2023.1/Vitis_HLS/2023.1/common/technology/xilinx/common/xilinx.gen 
Execute       source /home/jc2489/tools/Xilinx/2023.1/Vitis_HLS/2023.1/common/technology/xilinx/interface/plb46.gen 
Execute       source /home/jc2489/tools/Xilinx/2023.1/Vitis_HLS/2023.1/common/technology/xilinx/interface/axi4.gen 
Execute       source /home/jc2489/tools/Xilinx/2023.1/Vitis_HLS/2023.1/common/technology/xilinx/interface/nativeAXI4.gen 
Execute         source /home/jc2489/tools/Xilinx/2023.1/Vitis_HLS/2023.1/common/technology/xilinx/interface/saxilite.gen 
Execute       source /home/jc2489/tools/Xilinx/2023.1/Vitis_HLS/2023.1/common/technology/xilinx/scripts/xilinxcoregen.gen 
Execute       source /home/jc2489/tools/Xilinx/2023.1/Vitis_HLS/2023.1/common/technology/xilinx/interface/XilEDKCoreGen.gen 
Execute       source /home/jc2489/tools/Xilinx/2023.1/Vitis_HLS/2023.1/common/technology/xilinx/ip/xfir.gen 
Execute       source /home/jc2489/tools/Xilinx/2023.1/Vitis_HLS/2023.1/common/technology/xilinx/ip/xfft.gen 
Execute       source /home/jc2489/tools/Xilinx/2023.1/Vitis_HLS/2023.1/common/technology/xilinx/ip/util.gen 
Execute       source /home/jc2489/tools/Xilinx/2023.1/Vitis_HLS/2023.1/common/technology/xilinx/ip/dds_compiler.gen 
Execute       source /home/jc2489/tools/Xilinx/2023.1/Vitis_HLS/2023.1/common/technology/xilinx/DSP48/dsp48.gen 
Execute     ap_part_info -name xqzu29dr-ffrf1760-1-i -data info 
Execute     config_compile -quiet -complex-mul-dsp=0 
Command   set_part done; 1.86 sec.
Execute   create_clock -period 10 
INFO: [HLS 200-1510] Running: create_clock -period 10 
Execute     ap_set_clock -name default -period 10 -default=false 
INFO: [SYN 201-201] Setting up clock 'default' with a period of 10ns.
Execute   csim_design 
INFO: [HLS 200-1510] Running: csim_design 
INFO-FLOW: Running SLX 'csim' proc: ::SLX::run_csim
INFO: [SIM 211-2] *************** CSIM start ***************
INFO: [SIM 211-4] CSIM will launch GCC as the compiler.
Execute     send_msg_by_id INFO @200-2036@%s debug 
INFO: [HLS 200-2036] Building debug C Simulation binaries
Execute     ap_part_info -name xqzu29dr-ffrf1760-1-i -data info 
Execute     source run_sim.tcl 
INFO: [SIM 211-1] CSim done with 0 errors.
INFO: [SIM 211-3] *************** CSIM finish ***************
Command   csim_design done; 3.1 sec.
INFO: [HLS 200-111] Finished Command csim_design CPU user time: 2.79 seconds. CPU system time: 0.43 seconds. Elapsed time: 3.1 seconds; current allocated memory: 0.078 MB.
Execute   csynth_design 
INFO: [HLS 200-1510] Running: csynth_design 
INFO-FLOW: Running SLX 'csynth' proc: ::SLX::run_csynth
Execute     elaborate -effort=medium -skip_syncheck=0 -keep_printf=0 -skip_cdt=0 -skip_transform=0 -ng=0 -g=0 -opt_fp=0 -from_csynth_design=1 
INFO: [HLS 200-111] Finished File checks and directory preparation: CPU user time: 0.05 seconds. CPU system time: 0.01 seconds. Elapsed time: 0.06 seconds; current allocated memory: 1.064 GB.
Execute       set_directive_top hls_top -name=hls_top 
Execute       source /home/jc2489/tools/Xilinx/2023.1/Vitis_HLS/2023.1/tps/tcl/tcllib1.11.1/yaml/huddle.tcl 
Execute       source /home/jc2489/tools/Xilinx/2023.1/Vitis_HLS/2023.1/tps/tcl/tcllib1.11.1/yaml/json2huddle.tcl 
Execute         source /home/jc2489/tools/Xilinx/2023.1/Vitis_HLS/2023.1/tps/tcl/tcllib1.11.1/try/try.tcl 
INFO: [HLS 200-10] Analyzing design file 'backprop.c' ... 
INFO-FLOW: Compiling one TU...
INFO-FLOW: Handling backprop.c as C
Execute       ap_part_info -name xqzu29dr-ffrf1760-1-i -data info 
INFO-FLOW: Running: GCC PP 39
INFO-FLOW: Source preprocessing
INFO-FLOW: run_clang exec: /home/jc2489/tools/Xilinx/2023.1/Vitis_HLS/2023.1/lnx64/tools/clang-3.9-csynth/bin/clang backprop.c -foptimization-record-file=/workspace/examples/backprop/backprop_prj/solution/.autopilot/db/backprop.c.clang.diag.yml -mllvm -pass-remarks-missed=reflow|pasta|unroll -mllvm -pass-remarks=reflow|pasta|unroll|inline -fno-limit-debug-info -gcc-toolchain /home/jc2489/tools/Xilinx/2023.1/Vitis_HLS/2023.1/tps/lnx64/gcc-8.3.0 -fhls -fno-exceptions -insert-hls-directive=/workspace/examples/backprop/backprop_prj/solution/.autopilot/db/all.directive.json -E -fno-math-errno -c -emit-llvm -mllvm -disable-llvm-optzns -Werror=implicit-function-declaration -Werror=implicit-hls-streams -Werror=return-type -Wpragmas -Wunused-parameter -Wdump-hls-pragmas -Wno-error=dump-hls-pragmas -std=gnu99 -fgnu89-inline -target fpga64-xilinx-linux-gnu -D__VITIS_HLS__ -DAESL_SYN -D__SYNTHESIS__ -D__HLS_SYN__ -I /home/jc2489/tools/Xilinx/2023.1/Vitis_HLS/2023.1/common/technology/autopilot -I /home/jc2489/tools/Xilinx/2023.1/Vitis_HLS/2023.1/common/technology/autopilot/ap_sysc -include etc/autopilot_ssdm_op.h -D__DSP48E2__ -I /usr/include/x86_64-linux-gnu -o /workspace/examples/backprop/backprop_prj/solution/.autopilot/db/backprop.pp.0.c -hls-platform-db-name=/home/jc2489/tools/Xilinx/2023.1/Vitis_HLS/2023.1/common/technology/xilinx/common/platform.db -hls-platform-name=zynquplus_slow -device-resource-info=BRAM_2160.000000_DSP_4272.000000_FF_850560.000000_LUT_425280.000000_SLICE_53160.000000_URAM_80.000000 -device-name-info=xqzu29dr-ffrf1760-1-i > /workspace/examples/backprop/backprop_prj/solution/.autopilot/db/backprop.c.clang.out.log 2> /workspace/examples/backprop/backprop_prj/solution/.autopilot/db/backprop.c.clang.err.log
INFO-FLOW: Done: GCC PP 39 time: 0.1 seconds per iteration
INFO-FLOW: Source syntax check for synthesis
INFO-FLOW: run_clang exec: /home/jc2489/tools/Xilinx/2023.1/Vitis_HLS/2023.1/lnx64/tools/clang-3.9-csynth/bin/clang -foptimization-record-file=/workspace/examples/backprop/backprop_prj/solution/.autopilot/db/clang.diag.yml -mllvm -pass-remarks-missed=reflow|pasta|unroll -mllvm -pass-remarks=reflow|pasta|unroll|inline -fsyntax-only -fhls -target fpga64-xilinx-linux-gnu /workspace/examples/backprop/backprop_prj/solution/.autopilot/db/backprop.pp.0.c -hls-platform-db-name=/home/jc2489/tools/Xilinx/2023.1/Vitis_HLS/2023.1/common/technology/xilinx/common/platform.db -hls-platform-name=zynquplus_slow -device-resource-info=BRAM_2160.000000_DSP_4272.000000_FF_850560.000000_LUT_425280.000000_SLICE_53160.000000_URAM_80.000000 -device-name-info=xqzu29dr-ffrf1760-1-i > /workspace/examples/backprop/backprop_prj/solution/.autopilot/db/clang.out.log 2> /workspace/examples/backprop/backprop_prj/solution/.autopilot/db/clang.err.log
Execute       clang_tidy xilinx-systemc-detector -desc systemc-detector /workspace/examples/backprop/backprop_prj/solution/.autopilot/db/backprop.pp.0.c std=gnu99 -target fpga  -directive=/workspace/examples/backprop/backprop_prj/solution/.autopilot/db/.systemc_flag 
INFO-FLOW: exec /home/jc2489/tools/Xilinx/2023.1/Vitis_HLS/2023.1/lnx64/tools/clang-3.9-csynth/bin/clang-tidy -header-filter=.* --checks=-*,xilinx-systemc-detector -import-directive=/workspace/examples/backprop/backprop_prj/solution/.autopilot/db/.systemc_flag -fix-errors /workspace/examples/backprop/backprop_prj/solution/.autopilot/db/backprop.pp.0.c -- -std=gnu99 -target fpga -fhls -ferror-limit=0
INFO-FLOW: Running: clang-tidy CDT preprocess 39
Execute       clang_tidy xilinx-directive2pragma -desc directive2pragma /workspace/examples/backprop/backprop_prj/solution/.autopilot/db/backprop.pp.0.c std=gnu99 -target fpga  -directive=/workspace/examples/backprop/backprop_prj/solution/.autopilot/db/all.directive.json 
INFO-FLOW: exec /home/jc2489/tools/Xilinx/2023.1/Vitis_HLS/2023.1/lnx64/tools/clang-3.9-csynth/bin/clang-tidy -header-filter=.* --checks=-*,xilinx-directive2pragma -import-directive=/workspace/examples/backprop/backprop_prj/solution/.autopilot/db/all.directive.json -fix-errors /workspace/examples/backprop/backprop_prj/solution/.autopilot/db/backprop.pp.0.c -- -std=gnu99 -target fpga -fhls -ferror-limit=0
INFO-FLOW: Done: clang-tidy CDT preprocess 39 time: 0 seconds per iteration
INFO-FLOW: Calling xilinx-label-all-loops ... 
INFO-FLOW: Calling xilinx-aggregate-on-hls-vector ... 
Execute       clang_tidy -errorcheck -desc loop-label xilinx-label-all-loops,xilinx-aggregate-on-hls-vector,,xilinx-warn-mayneed-no-ctor-attribute /workspace/examples/backprop/backprop_prj/solution/.autopilot/db/backprop.pp.0.c std=gnu99 -target fpga  
INFO-FLOW: run_clang exec: /home/jc2489/tools/Xilinx/2023.1/Vitis_HLS/2023.1/lnx64/tools/clang-3.9-csynth/bin/clang-tidy -export-fixes=/workspace/examples/backprop/backprop_prj/solution/.autopilot/db/backprop.pp.0.c.clang-tidy.loop-label.diag.yml -header-filter=.* --checks=-*,xilinx-label-all-loops,xilinx-aggregate-on-hls-vector,,xilinx-warn-mayneed-no-ctor-attribute -fix-errors /workspace/examples/backprop/backprop_prj/solution/.autopilot/db/backprop.pp.0.c -- -std=gnu99 -target fpga -fhls -ferror-limit=0 > /workspace/examples/backprop/backprop_prj/solution/.autopilot/db/backprop.pp.0.c.clang-tidy.loop-label.out.log 2> /workspace/examples/backprop/backprop_prj/solution/.autopilot/db/backprop.pp.0.c.clang-tidy.loop-label.err.log
Execute         source /home/jc2489/tools/Xilinx/2023.1/Vitis_HLS/2023.1/tps/tcl/tcllib1.11.1/yaml/yaml.tcl 
INFO-FLOW: run_clang exec: /home/jc2489/tools/Xilinx/2023.1/Vitis_HLS/2023.1/lnx64/tools/clang-3.9-csynth/bin/xilinx-dataflow-lawyer -export-fixes=/workspace/examples/backprop/backprop_prj/solution/.autopilot/db/backprop.pp.0.c.xilinx-dataflow-lawyer.diag.yml /workspace/examples/backprop/backprop_prj/solution/.autopilot/db/backprop.pp.0.c -- -std=gnu99 -target fpga -fhls -ferror-limit=0 -fstrict-dataflow > /workspace/examples/backprop/backprop_prj/solution/.autopilot/db/backprop.pp.0.c.xilinx-dataflow-lawyer.out.log 2> /workspace/examples/backprop/backprop_prj/solution/.autopilot/db/backprop.pp.0.c.xilinx-dataflow-lawyer.err.log
Execute       ap_part_info -name xqzu29dr-ffrf1760-1-i -data info 
INFO-FLOW: compiling source code to llvm bc
INFO-FLOW: run_clang exec: /home/jc2489/tools/Xilinx/2023.1/Vitis_HLS/2023.1/lnx64/tools/clang-3.9-csynth/bin/clang -foptimization-record-file=/workspace/examples/backprop/backprop_prj/solution/.autopilot/db/backprop.pp.0.c.clang.diag.yml -mllvm -pass-remarks-missed=reflow|pasta|unroll -mllvm -pass-remarks=reflow|pasta|unroll|inline -fno-limit-debug-info -fhls -flto -fno-exceptions -Wno-error=c++11-narrowing /workspace/examples/backprop/backprop_prj/solution/.autopilot/db/backprop.pp.0.c -fno-math-errno -c -emit-llvm -mllvm -disable-llvm-optzns -Werror=implicit-function-declaration -Werror=implicit-hls-streams -Werror=return-type -Wpragmas -Wunused-parameter -Wdump-hls-pragmas -Wno-error=dump-hls-pragmas -std=gnu99 -fgnu89-inline -target fpga64-xilinx-linux-gnu -D__VITIS_HLS__ -DAESL_SYN -D__SYNTHESIS__ -D__HLS_SYN__ -I /home/jc2489/tools/Xilinx/2023.1/Vitis_HLS/2023.1/common/technology/autopilot -I /home/jc2489/tools/Xilinx/2023.1/Vitis_HLS/2023.1/common/technology/autopilot/ap_sysc -include etc/autopilot_ssdm_op.h -D__DSP48E2__ -g -o /workspace/examples/backprop/backprop_prj/solution/.autopilot/db/backprop.bc -hls-platform-db-name=/home/jc2489/tools/Xilinx/2023.1/Vitis_HLS/2023.1/common/technology/xilinx/common/platform.db -hls-platform-name=zynquplus_slow -device-resource-info=BRAM_2160.000000_DSP_4272.000000_FF_850560.000000_LUT_425280.000000_SLICE_53160.000000_URAM_80.000000 -device-name-info=xqzu29dr-ffrf1760-1-i > /workspace/examples/backprop/backprop_prj/solution/.autopilot/db/backprop.pp.0.c.clang.out.log 2> /workspace/examples/backprop/backprop_prj/solution/.autopilot/db/backprop.pp.0.c.clang.err.log
INFO: [HLS 200-111] Finished Source Code Analysis and Preprocessing: CPU user time: 0.2 seconds. CPU system time: 0.35 seconds. Elapsed time: 0.53 seconds; current allocated memory: 1.066 GB.
INFO-FLOW: Linking Debug ...
INFO-FLOW: Linking dut bc code.
Execute       run_link_or_opt -out /workspace/examples/backprop/backprop_prj/solution/.autopilot/db/a.g.ld.0.bc -args  "/workspace/examples/backprop/backprop_prj/solution/.autopilot/db/backprop.g.bc"  
INFO-FLOW: run_clang exec: /home/jc2489/tools/Xilinx/2023.1/Vitis_HLS/2023.1/lnx64/tools/clang-3.9-csynth/bin/llvm-link /workspace/examples/backprop/backprop_prj/solution/.autopilot/db/backprop.g.bc -o /workspace/examples/backprop/backprop_prj/solution/.autopilot/db/a.g.ld.0.bc > /workspace/examples/backprop/backprop_prj/solution/.autopilot/db/a.g.ld.0.bc.llvm-link.out.log 2> /workspace/examples/backprop/backprop_prj/solution/.autopilot/db/a.g.ld.0.bc.llvm-link.err.log
INFO-FLOW: 
Execute       run_link_or_opt -opt -out /workspace/examples/backprop/backprop_prj/solution/.autopilot/db/a.g.ld.1.lower.bc -args /workspace/examples/backprop/backprop_prj/solution/.autopilot/db/a.g.ld.0.bc -reflow-lower-math-intrinsics 
INFO-FLOW: run_clang exec: /home/jc2489/tools/Xilinx/2023.1/Vitis_HLS/2023.1/lnx64/tools/clang-3.9-csynth/bin/opt -pass-remarks-missed=reflow|pasta|unroll -pass-remarks=reflow|pasta|unroll|inline -pass-remarks-output=/workspace/examples/backprop/backprop_prj/solution/.autopilot/db/a.g.ld.1.lower.bc.opt.diag.yml /workspace/examples/backprop/backprop_prj/solution/.autopilot/db/a.g.ld.0.bc -reflow-lower-math-intrinsics -o /workspace/examples/backprop/backprop_prj/solution/.autopilot/db/a.g.ld.1.lower.bc > /workspace/examples/backprop/backprop_prj/solution/.autopilot/db/a.g.ld.1.lower.bc.opt.out.log 2> /workspace/examples/backprop/backprop_prj/solution/.autopilot/db/a.g.ld.1.lower.bc.opt.err.log
INFO-FLOW: 
INFO-FLOW: Running: gen_design_size_report post-opt
INFO-FLOW: Done: gen_design_size_report post-opt time: 0 seconds per iteration
INFO-FLOW: Linking math bc lib
Execute       run_link_or_opt -out /workspace/examples/backprop/backprop_prj/solution/.autopilot/db/a.g.ld.2.m1.bc -args /workspace/examples/backprop/backprop_prj/solution/.autopilot/db/a.g.ld.1.lower.bc -only-needed /home/jc2489/tools/Xilinx/2023.1/Vitis_HLS/2023.1/lnx64/lib/libhlsm_39.bc /home/jc2489/tools/Xilinx/2023.1/Vitis_HLS/2023.1/lnx64/lib/libhlsmc++_39.bc 
INFO-FLOW: run_clang exec: /home/jc2489/tools/Xilinx/2023.1/Vitis_HLS/2023.1/lnx64/tools/clang-3.9-csynth/bin/llvm-link /workspace/examples/backprop/backprop_prj/solution/.autopilot/db/a.g.ld.1.lower.bc -only-needed /home/jc2489/tools/Xilinx/2023.1/Vitis_HLS/2023.1/lnx64/lib/libhlsm_39.bc /home/jc2489/tools/Xilinx/2023.1/Vitis_HLS/2023.1/lnx64/lib/libhlsmc++_39.bc -o /workspace/examples/backprop/backprop_prj/solution/.autopilot/db/a.g.ld.2.m1.bc > /workspace/examples/backprop/backprop_prj/solution/.autopilot/db/a.g.ld.2.m1.bc.llvm-link.out.log 2> /workspace/examples/backprop/backprop_prj/solution/.autopilot/db/a.g.ld.2.m1.bc.llvm-link.err.log
INFO-FLOW: 
Command       run_link_or_opt done; 1.07 sec.
Execute       run_link_or_opt -opt -out /workspace/examples/backprop/backprop_prj/solution/.autopilot/db/a.g.ld.3.fpc.bc -args /workspace/examples/backprop/backprop_prj/solution/.autopilot/db/a.g.ld.2.m1.bc -reflow-globaldce -hls-top-function-name=hls_top -reflow-float-conversion 
INFO-FLOW: run_clang exec: /home/jc2489/tools/Xilinx/2023.1/Vitis_HLS/2023.1/lnx64/tools/clang-3.9-csynth/bin/opt -pass-remarks-missed=reflow|pasta|unroll -pass-remarks=reflow|pasta|unroll|inline -pass-remarks-output=/workspace/examples/backprop/backprop_prj/solution/.autopilot/db/a.g.ld.3.fpc.bc.opt.diag.yml /workspace/examples/backprop/backprop_prj/solution/.autopilot/db/a.g.ld.2.m1.bc -reflow-globaldce -hls-top-function-name=hls_top -reflow-float-conversion -o /workspace/examples/backprop/backprop_prj/solution/.autopilot/db/a.g.ld.3.fpc.bc > /workspace/examples/backprop/backprop_prj/solution/.autopilot/db/a.g.ld.3.fpc.bc.opt.out.log 2> /workspace/examples/backprop/backprop_prj/solution/.autopilot/db/a.g.ld.3.fpc.bc.opt.err.log
INFO-FLOW: 
INFO-FLOW: Running: gen_design_size_report post-opt
INFO-FLOW: Done: gen_design_size_report post-opt time: 0 seconds per iteration
Command       run_link_or_opt done; 0.43 sec.
Execute       run_link_or_opt -out /workspace/examples/backprop/backprop_prj/solution/.autopilot/db/a.g.ld.4.m2.bc -args /workspace/examples/backprop/backprop_prj/solution/.autopilot/db/a.g.ld.3.fpc.bc -only-needed /home/jc2489/tools/Xilinx/2023.1/Vitis_HLS/2023.1/lnx64/lib/libfloatconversion_39.bc 
INFO-FLOW: run_clang exec: /home/jc2489/tools/Xilinx/2023.1/Vitis_HLS/2023.1/lnx64/tools/clang-3.9-csynth/bin/llvm-link /workspace/examples/backprop/backprop_prj/solution/.autopilot/db/a.g.ld.3.fpc.bc -only-needed /home/jc2489/tools/Xilinx/2023.1/Vitis_HLS/2023.1/lnx64/lib/libfloatconversion_39.bc -o /workspace/examples/backprop/backprop_prj/solution/.autopilot/db/a.g.ld.4.m2.bc > /workspace/examples/backprop/backprop_prj/solution/.autopilot/db/a.g.ld.4.m2.bc.llvm-link.out.log 2> /workspace/examples/backprop/backprop_prj/solution/.autopilot/db/a.g.ld.4.m2.bc.llvm-link.err.log
INFO-FLOW: 
Execute       run_link_or_opt -opt -out /workspace/examples/backprop/backprop_prj/solution/.autopilot/db/a.g.ld.5.gdce.bc -args /workspace/examples/backprop/backprop_prj/solution/.autopilot/db/a.g.ld.4.m2.bc -reflow-globaldce -hls-top-function-name=hls_top 
INFO-FLOW: run_clang exec: /home/jc2489/tools/Xilinx/2023.1/Vitis_HLS/2023.1/lnx64/tools/clang-3.9-csynth/bin/opt -pass-remarks-missed=reflow|pasta|unroll -pass-remarks=reflow|pasta|unroll|inline -pass-remarks-output=/workspace/examples/backprop/backprop_prj/solution/.autopilot/db/a.g.ld.5.gdce.bc.opt.diag.yml /workspace/examples/backprop/backprop_prj/solution/.autopilot/db/a.g.ld.4.m2.bc -reflow-globaldce -hls-top-function-name=hls_top -o /workspace/examples/backprop/backprop_prj/solution/.autopilot/db/a.g.ld.5.gdce.bc > /workspace/examples/backprop/backprop_prj/solution/.autopilot/db/a.g.ld.5.gdce.bc.opt.out.log 2> /workspace/examples/backprop/backprop_prj/solution/.autopilot/db/a.g.ld.5.gdce.bc.opt.err.log
INFO-FLOW: 
INFO-FLOW: Running: gen_design_size_report post-opt
INFO-FLOW: Done: gen_design_size_report post-opt time: 0 seconds per iteration
Execute       send_msg_by_id INFO @200-777@%s Vivado 
INFO: [HLS 200-777] Using interface defaults for 'Vivado' flow target.
Execute       is_m_axi_addr64 
INFO-FLOW: Doing LTO.
INFO-FLOW: run_clang (background poll_ms 5000) exec: /home/jc2489/tools/Xilinx/2023.1/Vitis_HLS/2023.1/lnx64/tools/clang-3.9-csynth/bin/clang -foptimization-record-file=/workspace/examples/backprop/backprop_prj/solution/.autopilot/db/a.g.ld.0.bc.clang.reflow.diag.yml -mllvm -pass-remarks-missed=reflow|pasta|unroll -mllvm -pass-remarks=reflow|pasta|unroll|inline -fhls -mllvm -hls-top-function-name=hls_top -mllvm -hls-db-dir -mllvm /workspace/examples/backprop/backprop_prj/solution/.autopilot/db -emit-llvm -c -target fpga64-xilinx-none -mllvm -xcl-xmlinfo=/workspace/examples/backprop/backprop_prj/solution/.autopilot/db/kernel.internal.xml -mllvm -top-io-mapping-info=/workspace/examples/backprop/backprop_prj/solution/.autopilot/db/top-io-fe.xml -mllvm -hls-bitcode-version=3.1 -mllvm -reflow-enable-slave-interface-default-setting=true -mllvm -gen-kernel-xml=false -mllvm -default-maxi-offset=slave -mllvm -maxi-latency=0 -mllvm -hls-maxi-data-size-in-bits=8 -mllvm -hls-maxi-max-data-size-in-bits=1024 -mllvm -hls-max-widen-size-in-bits=0 -mllvm -xcl-kernel-max-mem-ports=0 -mllvm -maxi-read-trans=16 -mllvm -maxi-write-trans=16 -mllvm -maxi-read-burst-len=16 -mllvm -maxi-write-burst-len=16 -mllvm -reflow-enable-saxi-64bits=0 -mllvm -reflow-basic-block-instr-threshold=200000 -mllvm -reflow-auto-pipeline-threshold=64 -mllvm -reflow-enable-maxi-auto-id-channel=0 -mllvm -enable-fp-thr=0 -mllvm -reflow-bdd-simplify-threshold=1024 -mllvm -reflow-fanout-threshold=16 -mllvm -assume-maxi-align=1 -mllvm -reflow-pipeline-style-llvm-setting=2 -mllvm -reflow-enable-dataflow-strict-mode-checking=1 -ftime-report -mllvm -time-passes -mllvm -reflow-auto-array-partition-mode=default -mllvm -reflow-enable-auto-array-partition=true -mllvm -reflow-enable-auto-parallel-performance-driven=true -mllvm -reflow-enable-partition-for-automation=true -mllvm -reflow-aggregate-bitwidth-threshold=4096 -mllvm -reflow-reserved-saxilite-registers=1024 -mllvm -reflow-assume-no-address-wrap=true -mllvm -reflow-enable-occurrence-inference=true -mllvm -hls -mllvm -disable-inlined-alloca-merging=true -mllvm -default-clock-period=10 -x ir /workspace/examples/backprop/backprop_prj/solution/.autopilot/db/a.g.ld.5.gdce.bc -o /workspace/examples/backprop/backprop_prj/solution/.autopilot/db/a.g.lto.bc -hls-platform-db-name=/home/jc2489/tools/Xilinx/2023.1/Vitis_HLS/2023.1/common/technology/xilinx/common/platform.db -hls-platform-name=zynquplus_slow -device-resource-info=BRAM_2160.000000_DSP_4272.000000_FF_850560.000000_LUT_425280.000000_SLICE_53160.000000_URAM_80.000000 -device-name-info=xqzu29dr-ffrf1760-1-i 2> /workspace/examples/backprop/backprop_prj/solution/.autopilot/db/a.g.ld.0.bc.clang.reflow.err.log
Execute       send_msg_by_id INFO @200-1995@%s%s%s 26 Compile/Link /workspace/examples/backprop/backprop_prj/solution/syn/report/csynth_design_size.rpt 
INFO: [HLS 200-1995] There were 26 instructions in the design after the 'Compile/Link' phase of compilation. See the Design Size Report for more details: /workspace/examples/backprop/backprop_prj/solution/syn/report/csynth_design_size.rpt
Execute       send_msg_by_id INFO @200-1995@%s%s%s 24 Unroll/Inline /workspace/examples/backprop/backprop_prj/solution/syn/report/csynth_design_size.rpt 
INFO: [HLS 200-1995] There were 24 instructions in the design after the 'Unroll/Inline' phase of compilation. See the Design Size Report for more details: /workspace/examples/backprop/backprop_prj/solution/syn/report/csynth_design_size.rpt
Execute       send_msg_by_id INFO @200-1995@%s%s%s 38 Performance/Pipeline /workspace/examples/backprop/backprop_prj/solution/syn/report/csynth_design_size.rpt 
INFO: [HLS 200-1995] There were 38 instructions in the design after the 'Performance/Pipeline' phase of compilation. See the Design Size Report for more details: /workspace/examples/backprop/backprop_prj/solution/syn/report/csynth_design_size.rpt
Execute       send_msg_by_id INFO @200-1995@%s%s%s 41 Optimizations /workspace/examples/backprop/backprop_prj/solution/syn/report/csynth_design_size.rpt 
INFO: [HLS 200-1995] There were 41 instructions in the design after the 'Optimizations' phase of compilation. See the Design Size Report for more details: /workspace/examples/backprop/backprop_prj/solution/syn/report/csynth_design_size.rpt
INFO: [HLS 214-115] Multiple burst reads of length 3 and bit width 32 in loop 'VITIS_LOOP_33_1'(backprop.c:33:19) has been inferred on bundle 'gmem'. These burst requests might be further partitioned into multiple requests during RTL generation, based on max_read_burst_length or max_write_burst_length settings. (backprop.c:33:19)
INFO: [HLS 214-115] Multiple burst writes of length 3 and bit width 32 in loop 'VITIS_LOOP_33_1'(backprop.c:33:19) has been inferred on bundle 'gmem'. These burst requests might be further partitioned into multiple requests during RTL generation, based on max_read_burst_length or max_write_burst_length settings. (backprop.c:33:19)
INFO-FLOW: DBG:PUTS: copy_raw_kernel_xml ap_link_39: kernel.xml not generated: /workspace/examples/backprop/backprop_prj/solution/.autopilot/db/kernel.internal.xml
INFO: [HLS 200-111] Finished Compiling Optimization and Transform: CPU user time: 1.59 seconds. CPU system time: 0.39 seconds. Elapsed time: 6.73 seconds; current allocated memory: 1.067 GB.
INFO: [HLS 200-111] Finished Checking Pragmas: CPU user time: 0 seconds. CPU system time: 0 seconds. Elapsed time: 0 seconds; current allocated memory: 1.067 GB.
Execute       opt_and_import_c a -opt_level=2 -skip_syncheck=0 -ng=0 -keep_printf=0 
Execute         cleanup_all_models 
INFO: [HLS 200-10] Starting code transformations ...
INFO-FLOW: Running Standard Transforms...
Execute         transform -hls -share-std-xform -demangle-name -inline-byval-memcpy -always-inline -promote-dbg-pointer -interface-preproc -mem2reg -scalarrepl -mem2reg -keep-read-access -instcombine -dce -promote-dbg-pointer -bitop-raise -loop-simplify -indvarspre -indvars -loop-simplify -xunroll -constprop -instcombine -simplifycfg -indvars -simplifycfg -dce -globaldce -basicaa -simplifycfg -mem2reg -globalopt -global-constprop -deadargelim -instcombine -simplifycfg -scalarrepl -instcombine -reassociate -licm -simplifycfg -loop-simplify -indvars -instcombine -simplifycfg -mem2reg -loop-simplify -indvars -instcombine -gvn -gvn -instcombine -adce -break-crit-edges -simplifycfg -loop-delete -global-array-opt -dce -dse -adce -find-syn-modules -top hls_top -deadargelim -mem2reg -instcombine -dce -presyn-prepare -auto-rom-infer -interface-preproc -syn-check -check-rec-only -find-region -simplifycfg -func-extr -function-inline -globaldce -mem2reg -instcombine -dce -gvn -globaldce -adce -adse -constprop -instcombine -bit-constprop -instcombine -dce -simplifycfg -bitop-raise -simplifycfg -dce -loop-delete -reassociate -globalopt -global-privatize -mem2reg -dce -global-constprop -pointer-simplify -constprop -dce -auto-shift-reg-idiom -promote-dbg-pointer -norm-name /workspace/examples/backprop/backprop_prj/solution/.autopilot/db/a.g.0.bc -o /workspace/examples/backprop/backprop_prj/solution/.autopilot/db/a.g.1.bc -f -phase std-opt 
INFO: [HLS 200-111] Finished Standard Transforms: CPU user time: 0 seconds. CPU system time: 0 seconds. Elapsed time: 0.01 seconds; current allocated memory: 1.067 GB.
INFO: [HLS 200-10] Checking synthesizability ...
INFO-FLOW: Checking Synthesizability 1/2..
Execute         transform -hls -syn-check -check-rec-only -scalarrepl -norm-name -dce -mem2reg -instcombine -directive-preproc -mem2reg -dse -dce -auto-rom-infer -dce -pag -array-normalize -instcombine -dce -array-seg-normalize -instcombine -dce -data-pack -instcombine -dce -inst-simplify -array-flatten -instcombine -dce -array-burst -dce -deadargelim -promote-global-argument -simplifycfg -mem2reg -globaldce -dce -deadargelim -dce -instcombine -function-inline -globaldce -dce -doublePtrSimplify -doublePtrElim -dce -doublePtrSimplify -promote-dbg-pointer -dce -scalarrepl -dse -adse -instcombine -ptrLegalization -simplifycfg -dce -instcombine -pointer-simplify -ptrArgReplace -dce -instcombine -resolve-double-ptr -scalarrepl -norm-name -dce -mem2reg -instcombine -ptrLegalization -simplifycfg -deadargelim -instcombine -dce -inst-simplify -directive-preproc -mem2reg -dse -dce -globaldce /workspace/examples/backprop/backprop_prj/solution/.autopilot/db/a.g.1.bc -o /workspace/examples/backprop/backprop_prj/solution/.autopilot/db/a.g.2.prechk.bc -f 
INFO-FLOW: Checking Synthesizability 2/2..
Execute         transform -syn-check /workspace/examples/backprop/backprop_prj/solution/.autopilot/db/a.g.2.prechk.bc -o /workspace/examples/backprop/backprop_prj/solution/.autopilot/db/a.g.2.bc -f -phase syn-check 
INFO: [HLS 200-111] Finished Checking Synthesizability: CPU user time: 0 seconds. CPU system time: 0.01 seconds. Elapsed time: 0.01 seconds; current allocated memory: 1.067 GB.
INFO-FLOW: Compiler optimizing ...
INFO-FLOW: Share syncheck's 1.bc for syn flow: copy /workspace/examples/backprop/backprop_prj/solution/.autopilot/db/a.g.1.bc to /workspace/examples/backprop/backprop_prj/solution/.autopilot/db/a.o.1.bc
INFO-FLOW: Presyn 1...
Execute         transform -hls -tmp /workspace/examples/backprop/backprop_prj/solution/.autopilot/db -interface-port-rename -directive-preproc -mem2reg -dse -dce -scalarrepl -norm-name -deadargelim -mem2reg -instcombine -dce -simplifycfg -auto-rom-infer -dce -resource-proc -clib-intrinsic-prepare -dce -func-buffer -dce -pag -array-normalize -func-legal -instcombine -gvn -constprop -dce -simplifycfg -mem2reg -globaldce -resolve-double-ptr -dce -deadargelim -dce -instcombine -ptrArgReplace -mem2reg -dce -array-seg-normalize -deadargelim -instcombine -dce -directive-preproc -mem2reg -dse -dce -pointer-simplify -dce -port-alignment -dce -interface-preproc -data-pack -instcombine -dce -basicaa -aggr-aa -aggrmodref-aa -aggr-aa -gvn -gvn -basicaa -aggr-aa -aggrmodref-aa -aggr-aa -dse -adse -adce -loop-simplify -indvars -instcombine -gvn -loop-simplify -mem2reg -dce -find-region -instcombine -auto-loop-pipeline -inst-simplify -interface-preproc -cfgopt -instcombine -indvars -auto-loop-unroll -loop-simplify -loop-bound -xunroll -constprop -instcombine -simplifycfg -indvars -simplifycfg -dce -globaldce -clean-region -attach-range -gvn -inst-simplify -constprop -simplifycfg -dce -pointer-simplify -dce -globalopt -constprop -dce -array-promote -scalar-auto-dep-elim -constprop -dce -ptrArgReplace -mem2reg -simplifycfg -dce -instcombine -dce -array-transform-check -array-reshape -instcombine -simplifycfg -dce -ptrArgReplace -deadargelim -mem2reg -instcombine -simplifycfg -dce -indvars -loop-simplify -loop-bound -xunroll -constprop -instcombine -simplifycfg -indvars -simplifycfg -dce -globaldce -basicaa -aggr-aa -aggrmodref-aa -aggr-aa -dse -duplicate-dataflow-processes -globaldce -instcombine -array-partition -prepare-dynamic-array-partition -instcombine -simplifycfg -dce -ptrArgReplace -global-constprop -deadargelim -mem2reg -func-legal -dce -global-constprop -deadargelim -mem2reg -simplifycfg -dce -merge-param -deadargelim -globalopt -constprop -dce -array-promote -scalar-auto-dep-elim -constprop -dce -ptrArgReplace -mem2reg -simplifycfg -dce -mem-intrinsic-preproc -dce -global-internalize -global-privatize -mem2reg -globaldce -promote-global-argument -ptrArgReplace -mem2reg -dce -globalopt -mergereturn -simplify-global-access -mem2reg -dce -pointer-simplify -dce -functionattrs -basicaa -aggr-aa -aggrmodref-aa -aggr-aa -gvn -gvn -basicaa -aggr-aa -aggrmodref-aa -aggr-aa -dse -adse -adce -dce -norm-name -basicaa -aggr-aa -aggrmodref-aa -aggr-aa -accesses-merge -function-inline -complex-op-raise -inst-simplify -globaldce -func-legal -dce -loop-bound -arraycheck -bitwidthmin2 -bitwidthmin2 -on-by-dataflow -loop-delete -instcombine -simplifycfg -globaldce -dce -gvn -deadargelim -dce -loop-simplify -clean-region -simplifycfg -propagate-stable-arguments -loop-stream -instcombine -simplifycfg -dce -globaldce -duplicate-dataflow-processes -stream-intrinsic-preproc -dce -check-ap-stream -loop-simplify -eliminate-keepreads -extract-dataflow-in-loop -loop-simplify -dce -gvn -deadargelim -dse -duplicate-dataflow-processes -check-dataflow-syntax -legalize-stream-variable -globaldce -legalize-global -extract-subproc -dce -dead-channel-elimination -canonicalize-gep -globaldce -dce -gvn -hls-dead-arg-elim -deadargelim -directive-preproc -canonicalize-dataflow -dce -globaldce -scalar-preprocessing -scalar-propagation2 -deadargelim -globaldce -mem2reg -check-dataflow-channels -function-stream -dce -globaldce -prop-fifo-spec -internal-stream-gen -canonicalize-gep -globaldce -dce -gvn -deadargelim -mergereturn -indvars -loop-simplify -instcombine -array-stream -array-seg-normalize -array-partition -func-legal -instcombine -simplifycfg -dce -bundle-memfifo-ops -deadargelim -directive-preproc -mem2reg -dse -dce -group-axi-access -licm -simplifycfg -dce -loop-delete -hls-display -norm-name /workspace/examples/backprop/backprop_prj/solution/.autopilot/db/a.o.1.bc -o /workspace/examples/backprop/backprop_prj/solution/.autopilot/db/a.o.1.tmp.bc -f 
INFO: [XFORM 203-510] Pipelining loop 'VITIS_LOOP_33_1' (backprop.c:33) in function 'hls_top' automatically.
INFO-FLOW: Presyn 2...
Execute         transform -hls -keep-callgraph -scalarrepl -mem2reg -port-alignment -attach-range -dce -pipe-mux-gen -indvars -loop-bound -inst-simplify -instcombine -dce -merge-array-access -mem2reg -dce -clean-region -mergereturn -if-conv -instcombine -dce -constprop -basicaa -aggr-aa -aggrmodref-aa -aggr-aa -gvn -gvn -basicaa -aggr-aa -aggrmodref-aa -aggr-aa -dse -adse -adce -scalarrepl -mem2reg -global-constprop -deadargelim -deadargelim -instcombine -dce -simplifycfg -ptrArgReplace -mem2reg -function-inline -globaldce -mem2reg -instcombine -dce -expr-balance -instcombine -dce -bitwidthmin2 -bitwidthmin2 -interface-preproc -directive-preproc -inst-rectify -instcombine -dce -functionattrs -constprop -instcombine -bit-constprop -simplify-global-access -globalopt -globaldce -inst-simplify -instcombine -elimdeaddata -dce -loop-delete -simplifycfg -loop-simplify -barrier -norm-name /workspace/examples/backprop/backprop_prj/solution/.autopilot/db/a.o.1.tmp.bc -o /workspace/examples/backprop/backprop_prj/solution/.autopilot/db/a.o.2.bc -f -phase presyn 
INFO: [HLS 200-111] Finished Loop, function and other optimizations: CPU user time: 0.02 seconds. CPU system time: 0 seconds. Elapsed time: 0.02 seconds; current allocated memory: 1.088 GB.
INFO-FLOW: Building ssdm...
Execute         transform -hls -auto-function-inline -globaldce -ptrArgReplace -mem2reg -dce -reset-lda -loop-simplify -indvars -aggr-aa -licm -loop-dep -loop-bound -licm -loop-simplify -loop-sink-hoist -flattenloopnest -array-flatten -gvn -instcombine -dce -array-map -dce -func-legal -gvn -adce -instcombine -cfgopt -simplifycfg-lite -loop-simplify -array-burst -promote-global-argument -dce -array-seg-normalize -basicaa -aggrmodref-aa -globalsmodref-aa -aggr-aa -gvn -gvn -basicaa -aggrmodref-aa -globalsmodref-aa -aggr-aa -dse -adse -adce -licm -inst-simplify -dce -globaldce -instcombine -array-stream -eliminate-keepreads -instcombine -dce -deadargelim -doublePtrSimplify -doublePtrElim -dce -doublePtrSimplify -promote-dbg-pointer -dce -scalarrepl -mem2reg -norm-name -mem2reg -instcombine -dse -adse -adce -ptrLegalization -dce -auto-rom-infer -array-flatten -dce -instcombine -check-doubleptr -loop-rot -constprop -cfgopt -simplifycfg-lite -loop-simplify -indvars -pointer-simplify -dce -loop-bound -loop-simplify -loop-preproc -constprop -global-constprop -gvn -mem2reg -instcombine -dce -loop-bound -loop-merge -dce -deadargelim -dce -canonicalize-dataflow -dce -deadargelim -globaldce -mem2reg -bram-byte-enable -load-elim -read-loop-dep -loop-simplify -loop-extract-inner -directive-preproc -bitwidthmin2 -bitwidthmin2 -read-loop-dep -interface-preproc -directive-preproc -interface-gen -bram-byte-enable-spec-prop -deadargelim -inst-simplify -dce -gvn -mem2reg -instcombine -dce -adse -loop-bound -instcombine -cfgopt -simplifycfg-lite -loop-simplify -clean-region -io-protocol -find-region -mem2reg -bitop-raise -complex-op-raise -inst-simplify -inst-rectify -instcombine -adce -deadargelim -float-op-raise -loop-simplify -phi-opt -bitop-raise -cfgopt -simplifycfg-lite -strip-dead-prototypes -interface-lower -bitop-lower -intrinsic-lower -auto-function-inline -basicaa -aggrmodref-aa -globalsmodref-aa -aggr-aa -inst-simplify -simplifycfg-lite -loop-simplify -mergereturn -inst-simplify -inst-rectify -globaldce -dce -load-elim -bitop-lower -float-op-raise -fma-raise -loop-rewind -pointer-simplify -dce -cfgopt -dce -loop-bound -loop-dep -read-loop-dep -dce -dyn-mem-reuse -dce -recurrence-min -dce -share-scalar-alloca -deadargelim -dce -check-stream -norm-name -legalize -validate-dataflow -inst-clarity -bitwidth -dce -dump-loop-dep-to-ir -check-all-ssdm -dump-complexity-metric -cdfg-build /workspace/examples/backprop/backprop_prj/solution/.autopilot/db/a.o.2.bc -o /workspace/examples/backprop/backprop_prj/solution/.autopilot/db/a.o.3.bc -f -phase build-ssdm 
Execute           auto_get_db
INFO: [HLS 200-111] Finished Architecture Synthesis: CPU user time: 0.02 seconds. CPU system time: 0 seconds. Elapsed time: 0.02 seconds; current allocated memory: 1.088 GB.
INFO-FLOW: Finish building internal data model.
Command     elaborate done; 7.33 sec.
Execute     ap_eval exec zip -j /workspace/examples/backprop/backprop_prj/solution/.autopilot/db/dut.hcp $dbDir/a.o.3.bc $dbDir/${topname}.rtl_wrap.cfg.tcl $dbDir/apatb_${topname}.cpp $dbDir/apatb_${topname}_util.cpp $dbDir/apatb_${topname}_ir.ll $dbDir/mapper_${topname}.cpp $dbDir/top-io-fe.xml $dbDir/kernel.internal.xml $workdir/../hls.app 
Command     ap_eval done; error code: 1; 
INFO-FLOW: exec zip -j /workspace/examples/backprop/backprop_prj/solution/.autopilot/db/dut.hcp $dbDir/a.o.3.bc $dbDir/${topname}.rtl_wrap.cfg.tcl $dbDir/apatb_${topname}.cpp $dbDir/apatb_${topname}_util.cpp $dbDir/apatb_${topname}_ir.ll $dbDir/mapper_${topname}.cpp $dbDir/top-io-fe.xml $dbDir/kernel.internal.xml $workdir/../hls.app
INFO-FLOW: couldn't execute "zip": no such file or directory
Execute     autosyn -from_csynth_design=1 
INFO: [HLS 200-10] Starting hardware synthesis ...
INFO-FLOW: Synthesizing C/C++ design ...
INFO: [HLS 200-10] Synthesizing 'hls_top' ...
Execute       ap_set_top_model hls_top 
Execute       get_model_list hls_top -filter all-wo-channel -topdown 
Execute       preproc_iomode -model hls_top 
Execute       get_model_list hls_top -filter all-wo-channel 
INFO-FLOW: Model list for configure: hls_top
INFO-FLOW: Configuring Module : hls_top ...
Execute       set_default_model hls_top 
Execute       apply_spec_resource_limit hls_top 
INFO-FLOW: Model list for preprocess: hls_top
INFO-FLOW: Preprocessing Module: hls_top ...
Execute       set_default_model hls_top 
Execute       cdfg_preprocess -model hls_top 
Execute       rtl_gen_preprocess hls_top 
INFO-FLOW: Model list for synthesis: hls_top
INFO: [HLS 200-10] ----------------------------------------------------------------
INFO: [HLS 200-42] -- Implementing module 'hls_top' 
INFO: [HLS 200-10] ----------------------------------------------------------------
Execute       set_default_model hls_top 
Execute       schedule -model hls_top 
INFO: [SCHED 204-11] Starting scheduling ...
INFO: [SCHED 204-61] Pipelining loop 'VITIS_LOOP_33_1'.
INFO: [HLS 200-1470] Pipelining result : Target II = NA, Final II = 1, Depth = 16, loop 'VITIS_LOOP_33_1'
INFO: [SCHED 204-11] Finished scheduling.
INFO: [HLS 200-111] Finished Scheduling: CPU user time: 0.11 seconds. CPU system time: 0.03 seconds. Elapsed time: 0.14 seconds; current allocated memory: 1.088 GB.
Execute       syn_report -verbosereport -o /workspace/examples/backprop/backprop_prj/solution/.autopilot/db/hls_top.verbose.sched.rpt 
Execute         list_part -family xqzu29dr-ffrf1760-1-i 
Execute           ap_family_info -name xqzu29dr-ffrf1760-1-i -data names 
Execute           ap_part_info -quiet -name xqzu29dr-ffrf1760-1-i -data family 
Command       syn_report done; 0.13 sec.
Execute       db_write -o /workspace/examples/backprop/backprop_prj/solution/.autopilot/db/hls_top.sched.adb -f 
INFO-FLOW: Finish scheduling hls_top.
Execute       set_default_model hls_top 
Execute       bind -model hls_top 
INFO: [BIND 205-100] Starting micro-architecture generation ...
INFO: [BIND 205-101] Performing variable lifetime analysis.
INFO: [BIND 205-101] Exploring resource sharing.
INFO: [BIND 205-101] Binding ...
INFO: [BIND 205-100] Finished micro-architecture generation.
INFO: [HLS 200-111] Finished Binding: CPU user time: 0.2 seconds. CPU system time: 0 seconds. Elapsed time: 0.2 seconds; current allocated memory: 1.088 GB.
Execute       syn_report -verbosereport -o /workspace/examples/backprop/backprop_prj/solution/.autopilot/db/hls_top.verbose.bind.rpt 
Execute         list_part -family xqzu29dr-ffrf1760-1-i 
Execute           ap_family_info -name xqzu29dr-ffrf1760-1-i -data names 
Execute           ap_part_info -quiet -name xqzu29dr-ffrf1760-1-i -data family 
Execute       db_write -o /workspace/examples/backprop/backprop_prj/solution/.autopilot/db/hls_top.bind.adb -f 
INFO-FLOW: Finish binding hls_top.
Execute       get_model_list hls_top -filter all-wo-channel 
INFO-FLOW: Preprocessing for RTLGen ...
Execute       rtl_gen_preprocess hls_top 
INFO-FLOW: Model list for RTL generation: hls_top
INFO: [HLS 200-10] ----------------------------------------------------------------
INFO: [HLS 200-10] -- Generating RTL for module 'hls_top' 
INFO: [HLS 200-10] ----------------------------------------------------------------
Execute       create_rtl_model hls_top -top_prefix  -sub_prefix hls_top_ -mg_file /workspace/examples/backprop/backprop_prj/solution/.autopilot/db/hls_top.compgen.tcl 
WARNING: [RTGEN 206-101] Design contains AXI ports. Reset is fixed to synchronous and active low.
INFO: [RTGEN 206-500] Setting interface mode on port 'hls_top/gmem' to 'm_axi'.
INFO: [RTGEN 206-500] Setting interface mode on port 'hls_top/sets' to 's_axilite & ap_none'.
INFO: [RTGEN 206-500] Setting interface mode on port 'hls_top/xweights1' to 's_axilite & ap_none'.
INFO: [RTGEN 206-500] Setting interface mode on port 'hls_top/xweights2' to 's_axilite & ap_none'.
INFO: [RTGEN 206-500] Setting interface mode on port 'hls_top/xweights3' to 's_axilite & ap_none'.
INFO: [RTGEN 206-500] Setting interface mode on port 'hls_top/xbiases1' to 's_axilite & ap_none'.
INFO: [RTGEN 206-500] Setting interface mode on port 'hls_top/xbiases2' to 's_axilite & ap_none'.
INFO: [RTGEN 206-500] Setting interface mode on port 'hls_top/xbiases3' to 's_axilite & ap_none'.
INFO: [RTGEN 206-500] Setting interface mode on port 'hls_top/xtraining_data' to 's_axilite & ap_none'.
INFO: [RTGEN 206-500] Setting interface mode on port 'hls_top/xtraining_targets' to 's_axilite & ap_none'.
INFO: [RTGEN 206-500] Setting interface mode on function 'hls_top' to 's_axilite & ap_ctrl_hs'.
INFO: [RTGEN 206-100] Bundling port 'sets', 'xweights1', 'xweights2', 'xweights3', 'xbiases1', 'xbiases2', 'xbiases3', 'xtraining_data', 'xtraining_targets' to AXI-Lite port control.
INFO: [RTGEN 206-100] Finished creating RTL model for 'hls_top'.
INFO: [HLS 200-111] Finished Creating RTL model: CPU user time: 0.05 seconds. CPU system time: 0 seconds. Elapsed time: 0.05 seconds; current allocated memory: 1.088 GB.
Execute       source /workspace/examples/backprop/backprop_prj/solution/.autopilot/db/hls_top.rtl_wrap.cfg.tcl 
Execute       gen_rtl hls_top -istop -style xilinx -f -lang vhdl -o /workspace/examples/backprop/backprop_prj/solution/syn/vhdl/hls_top 
Execute       gen_rtl hls_top -istop -style xilinx -f -lang vlog -o /workspace/examples/backprop/backprop_prj/solution/syn/verilog/hls_top 
Execute       syn_report -csynth -model hls_top -o /workspace/examples/backprop/backprop_prj/solution/syn/report/hls_top_csynth.rpt 
Execute         list_part -family xqzu29dr-ffrf1760-1-i 
Execute           ap_family_info -name xqzu29dr-ffrf1760-1-i -data names 
Execute           ap_part_info -quiet -name xqzu29dr-ffrf1760-1-i -data family 
Execute       syn_report -rtlxml -model hls_top -o /workspace/examples/backprop/backprop_prj/solution/syn/report/hls_top_csynth.xml 
Execute         list_part -family xqzu29dr-ffrf1760-1-i 
Execute           ap_family_info -name xqzu29dr-ffrf1760-1-i -data names 
Execute           ap_part_info -quiet -name xqzu29dr-ffrf1760-1-i -data family 
Execute       syn_report -verbosereport -model hls_top -o /workspace/examples/backprop/backprop_prj/solution/.autopilot/db/hls_top.verbose.rpt 
Execute         list_part -family xqzu29dr-ffrf1760-1-i 
Execute           ap_family_info -name xqzu29dr-ffrf1760-1-i -data names 
Execute           ap_part_info -quiet -name xqzu29dr-ffrf1760-1-i -data family 
Execute       db_write -model hls_top -f -o /workspace/examples/backprop/backprop_prj/solution/.autopilot/db/hls_top.adb 
Execute       db_write -model hls_top -bindview -o /workspace/examples/backprop/backprop_prj/solution/.autopilot/db/design.bindinfo.xml 
Execute       gen_tb_info hls_top -p /workspace/examples/backprop/backprop_prj/solution/.autopilot/db -o /workspace/examples/backprop/backprop_prj/solution/.autopilot/db/hls_top 
Execute       export_constraint_db -f -tool general -o /workspace/examples/backprop/backprop_prj/solution/.autopilot/db/hls_top.constraint.tcl 
Execute       syn_report -designview -model hls_top -o /workspace/examples/backprop/backprop_prj/solution/.autopilot/db/hls_top.design.xml 
Execute       syn_report -csynthDesign -model hls_top -o /workspace/examples/backprop/backprop_prj/solution/syn/report/csynth.rpt -MHOut /workspace/examples/backprop/backprop_prj/solution/.autopilot/db/kernel_module_hierarchy.tcl 
Execute         list_part -family xqzu29dr-ffrf1760-1-i 
Execute           ap_family_info -name xqzu29dr-ffrf1760-1-i -data names 
Execute           ap_part_info -quiet -name xqzu29dr-ffrf1760-1-i -data family 
Execute       syn_report -wcfg -model hls_top -o /workspace/examples/backprop/backprop_prj/solution/.autopilot/db/hls_top_dataflow_ana.wcfg 
Execute       syn_report -protoinst -model hls_top -o /workspace/examples/backprop/backprop_prj/solution/.autopilot/db/hls_top.protoinst 
Execute       sc_get_clocks hls_top 
Execute       sc_get_portdomain hls_top 
INFO-FLOW: Model list for RTL component generation: hls_top
INFO-FLOW: Handling components in module [hls_top] ... 
Execute       source /workspace/examples/backprop/backprop_prj/solution/.autopilot/db/hls_top.compgen.tcl 
INFO-FLOW: Found component hls_top_gmem_m_axi.
INFO-FLOW: Append model hls_top_gmem_m_axi
INFO-FLOW: Found component hls_top_control_s_axi.
INFO-FLOW: Append model hls_top_control_s_axi
INFO-FLOW: Append model hls_top
INFO-FLOW: Generating RTL model list ...
INFO-FLOW: All models in this session: hls_top_gmem_m_axi hls_top_control_s_axi hls_top
INFO-FLOW: Generating /workspace/examples/backprop/backprop_prj/solution/.autopilot/db/autopilot.rtl.models.txt file...
INFO-FLOW: To file: write model hls_top_gmem_m_axi
INFO-FLOW: To file: write model hls_top_control_s_axi
INFO-FLOW: To file: write model hls_top
INFO-FLOW: Generating /workspace/examples/backprop/backprop_prj/solution/.autopilot/db/autopilot.rtl.models.tcl file...
INFO-FLOW: Finished generating RTL model list.


INFO-FLOW: RTL Generation done.
INFO-FLOW: CAS Generation done.
INFO-FLOW: CBC Generation done.
INFO-FLOW: DBG:PROC: ::AESL_AUTOMG::auto_generate_csynth_design
INFO-FLOW: DBG:PUTS: read_platform_lib /workspace/examples/backprop/backprop_prj/solution/.autopilot/db/global.setting.tcl
Execute       source /home/jc2489/tools/Xilinx/2023.1/Vitis_HLS/2023.1/common/technology/generic/autopilot/common.gen 
Execute         source /home/jc2489/tools/Xilinx/2023.1/Vitis_HLS/2023.1/common/technology/generic/autopilot/APCoreGen.gen 
Execute       source /home/jc2489/tools/Xilinx/2023.1/Vitis_HLS/2023.1/common/technology/generic/autopilot/op.gen 
Execute       source /home/jc2489/tools/Xilinx/2023.1/Vitis_HLS/2023.1/common/technology/generic/autopilot/op_simcore.gen 
Execute       source /home/jc2489/tools/Xilinx/2023.1/Vitis_HLS/2023.1/common/technology/generic/autopilot/interface.gen 
Execute       source /workspace/examples/backprop/backprop_prj/solution/.autopilot/db/global.setting.tcl 
Execute       source /home/jc2489/tools/Xilinx/2023.1/Vitis_HLS/2023.1/common/technology/xilinx/common/xilinx.gen 
Execute         source /home/jc2489/tools/Xilinx/2023.1/Vitis_HLS/2023.1/common/technology/xilinx/interface/plb46.gen 
Execute         source /home/jc2489/tools/Xilinx/2023.1/Vitis_HLS/2023.1/common/technology/xilinx/interface/axi4.gen 
Execute         source /home/jc2489/tools/Xilinx/2023.1/Vitis_HLS/2023.1/common/technology/xilinx/interface/nativeAXI4.gen 
Execute           source /home/jc2489/tools/Xilinx/2023.1/Vitis_HLS/2023.1/common/technology/xilinx/interface/saxilite.gen 
Execute         source /home/jc2489/tools/Xilinx/2023.1/Vitis_HLS/2023.1/common/technology/xilinx/scripts/xilinxcoregen.gen 
Execute         source /home/jc2489/tools/Xilinx/2023.1/Vitis_HLS/2023.1/common/technology/xilinx/interface/XilEDKCoreGen.gen 
Execute         source /home/jc2489/tools/Xilinx/2023.1/Vitis_HLS/2023.1/common/technology/xilinx/ip/xfir.gen 
Execute         source /home/jc2489/tools/Xilinx/2023.1/Vitis_HLS/2023.1/common/technology/xilinx/ip/xfft.gen 
Execute         source /home/jc2489/tools/Xilinx/2023.1/Vitis_HLS/2023.1/common/technology/xilinx/ip/util.gen 
Execute         source /home/jc2489/tools/Xilinx/2023.1/Vitis_HLS/2023.1/common/technology/xilinx/ip/dds_compiler.gen 
Execute         source /home/jc2489/tools/Xilinx/2023.1/Vitis_HLS/2023.1/common/technology/xilinx/DSP48/dsp48.gen 
INFO-FLOW: DBG:PUTS:   using AESL_AUTOCG::g_clock_period=10.000 (was NA)
INFO-FLOW: DBG:PROC: ::AESL_AUTOMG::generate_ip_cores gen_sim_model='1' gen_fp_models='0' gen_for_export='0' dstSCDir='' dstVhdlDir='/workspace/examples/backprop/backprop_prj/solution/.autopilot/db/vhdl' dstVlogDir='/workspace/examples/backprop/backprop_prj/solution/.autopilot/db/vlog' tclDir='/workspace/examples/backprop/backprop_prj/solution/.autopilot/db' modelList='hls_top_gmem_m_axi
hls_top_control_s_axi
hls_top
' expOnly='0'
Execute       source /workspace/examples/backprop/backprop_prj/solution/.autopilot/db/global.setting.tcl 
Execute       ap_part_info -name xqzu29dr-ffrf1760-1-i -data names -quiet 
Execute       ap_part_info -name xqzu29dr-ffrf1760-1-i -data info -quiet 
Execute       source /workspace/examples/backprop/backprop_prj/solution/.autopilot/db/global.setting.tcl 
Execute       source /workspace/examples/backprop/backprop_prj/solution/.autopilot/db/global.setting.tcl 
Execute       source /workspace/examples/backprop/backprop_prj/solution/.autopilot/db/hls_top.compgen.tcl 
Execute         source ./control.slave.tcl 
INFO: [HLS 200-111] Finished Generating all RTL models: CPU user time: 0.33 seconds. CPU system time: 0 seconds. Elapsed time: 0.32 seconds; current allocated memory: 1.088 GB.
INFO-FLOW: DBG:PROC: ::HLSREPORTS::create_csynth_xml bind_info_var='bind_info' RtlSubPrefix='hls_top_' outfile=''
INFO-FLOW: Running: create_csynth_xml read xml data
INFO-FLOW: Done: create_csynth_xml read xml data time: 0 seconds per iteration
INFO-FLOW: Running: create_csynth_xml bind info
INFO-FLOW: Done: create_csynth_xml bind info time: 0 seconds per iteration
INFO-FLOW: Running: create_csynth_xml config info
INFO-FLOW: Done: create_csynth_xml config info time: 0 seconds per iteration
INFO-FLOW: Running: create_csynth_xml write xml
INFO-FLOW: Done: create_csynth_xml write xml time: 0 seconds per iteration
INFO-FLOW: DBG:PUTS:      create_csynth_xml wrote csynth_xml=/workspace/examples/backprop/backprop_prj/solution/syn/report/csynth.xml
INFO-FLOW: DBG:PROC: ::AP::DESIGN_DATA::generate_json generate_bd_files='0' generate_xo_files='0' modelList='hls_top_gmem_m_axi
hls_top_control_s_axi
hls_top
' rtl_lang='both' bootstrap_tcl='false' outdir='' outfilename=''
Execute       source /workspace/examples/backprop/backprop_prj/solution/.autopilot/db/global.setting.tcl 
Execute       source /workspace/examples/backprop/backprop_prj/solution/.autopilot/db/global.setting.tcl 
Execute       source /workspace/examples/backprop/backprop_prj/solution/.autopilot/db/top-io-be.tcl 
Execute       source /workspace/examples/backprop/backprop_prj/solution/.autopilot/db/hls_top.tbgen.tcl 
Execute       source /workspace/examples/backprop/backprop_prj/solution/.autopilot/db/hls_top.compgen.dataonly.tcl 
Execute       source /workspace/examples/backprop/backprop_prj/solution/.autopilot/db/hls_top.compgen.dataonly.tcl 
Execute       source /workspace/examples/backprop/backprop_prj/solution/.autopilot/db/hls_top.rtl_wrap.cfg.tcl 
Execute       source /workspace/examples/backprop/backprop_prj/solution/.autopilot/db/hls_top.compgen.dataonly.tcl 
Execute       source /workspace/examples/backprop/backprop_prj/solution/.autopilot/db/hls_top.tbgen.tcl 
Execute       source /workspace/examples/backprop/backprop_prj/solution/.autopilot/db/global.setting.tcl 
Execute       ap_part_info -name xqzu29dr-ffrf1760-1-i -data names -quiet 
Execute       ap_part_info -name xqzu29dr-ffrf1760-1-i -data info -quiet 
Execute       source /workspace/examples/backprop/backprop_prj/solution/.autopilot/db/hls_top.constraint.tcl 
Execute       sc_get_clocks hls_top 
Execute       source /workspace/examples/backprop/backprop_prj/solution/.autopilot/db/global.setting.tcl 
INFO-FLOW: DBG:PROC: ::HLSREPORTS::add_csynth_report_sections bind_info_dict='adapter_nodes {{BINDTYPE adapter DISPLAY {bind_adapter axilite} ID {} IMPL {} LATENCY {} OPTYPE {} PRAGMA yes RTLNAME control_s_axi_U SOURCE {} VARIABLE {} MODULE hls_top LOOP {} BUNDLEDNAME control DSP 0 BRAM 0 URAM 0} {BINDTYPE adapter DISPLAY {bind_adapter axi_master} ID {} IMPL {} LATENCY {} OPTYPE {} PRAGMA yes RTLNAME gmem_m_axi_U SOURCE {} VARIABLE {} MODULE hls_top LOOP {} BUNDLEDNAME gmem DSP 0 BRAM 4 URAM 0}} report_dict {TOPINST hls_top MODULE2INSTS {hls_top hls_top} INST2MODULE {hls_top hls_top} INSTDATA {hls_top {DEPTH 1 CHILDREN {}}} MODULEDATA {hls_top {BINDINFO {{BINDTYPE op ID {} IMPL fabric LATENCY 0 OPTYPE add PRAGMA {} RTLNAME add_ln33_fu_185_p2 SOURCE backprop.c:33 VARIABLE add_ln33 LOOP VITIS_LOOP_33_1 BUNDLEDNAME {} DSP 0 BRAM 0 URAM 0 DISPNAME {bind_op add}}} AREA {DSP 0 BRAM 4 URAM 0}}}}'
INFO-FLOW: DBG:PUTS:      update_csynth_reports json2rpt_hw_sw_interfaces
Execute       send_msg_by_id INFO @200-1603@%s  and missed bursts 
INFO: [HLS 200-1603] Design has inferred MAXI bursts and missed bursts, see Vitis HLS GUI synthesis summary report for detailed information.
INFO-FLOW: Running: gen_csynth_sec_pragma
INFO-FLOW: Done: gen_csynth_sec_pragma time: 0 seconds per iteration
INFO-FLOW: DBG:PUTS:      update_csynth_reports wrote xml
INFO-FLOW: DBG:PUTS:      update_csynth_reports appended to csynth rpt file
INFO: [HLS 200-111] Finished Updating report files: CPU user time: 0.44 seconds. CPU system time: 0.01 seconds. Elapsed time: 0.46 seconds; current allocated memory: 1.088 GB.
INFO: [VHDL 208-304] Generating VHDL RTL for hls_top.
INFO: [VLOG 209-307] Generating Verilog RTL for hls_top.
Execute       syn_report -model hls_top -printsummary 
INFO: [HLS 200-790] **** Loop Constraint Status: All loop constraints were satisfied.
INFO: [HLS 200-789] **** Estimated Fmax: 136.99 MHz
Command     autosyn done; 1.15 sec.
Command   csynth_design done; 8.57 sec.
INFO: [HLS 200-111] Finished Command csynth_design CPU user time: 3.01 seconds. CPU system time: 0.8 seconds. Elapsed time: 8.57 seconds; current allocated memory: 25.426 MB.
Execute   cleanup_all 
