INFO-FLOW: Workspace /workspace/examples/vect_mult/vect_mult_prj/solution1 opened at Mon Oct 02 15:00:44 UTC 2023
Execute     send_msg_by_id INFO @200-1505@%s%s default  vivado 
INFO: [HLS 200-1505] Using default flow_target 'vivado'
Execute   set_part xcu250-figd2104-2L-e 
INFO: [HLS 200-1510] Running: set_part xcu250-figd2104-2L-e 
Execute     create_platform xcu250-figd2104-2L-e -board  
DBG:HLSDevice: Trying to load device library: /home/jc2489/tools/Xilinx/2023.1/Vitis_HLS/2023.1/lib/lnx64.o/libxv_hlsvwrap.so
DBG:HLSDevice: first parts/arch.xml in RDI_DATADIR: /home/jc2489/tools/Xilinx/2023.1/Vivado/2023.1/data/parts/arch.xml
DBG:HLSDevice: init success
INFO: [HLS 200-1611] Setting target device to 'xcu250-figd2104-2L-e'
Command     create_platform done; 1.79 sec.
Execute     source /home/jc2489/tools/Xilinx/2023.1/Vitis_HLS/2023.1/common/technology/xilinx/common/xilinx.gen 
Execute       source /home/jc2489/tools/Xilinx/2023.1/Vitis_HLS/2023.1/common/technology/xilinx/interface/plb46.gen 
Execute       source /home/jc2489/tools/Xilinx/2023.1/Vitis_HLS/2023.1/common/technology/xilinx/interface/axi4.gen 
Execute       source /home/jc2489/tools/Xilinx/2023.1/Vitis_HLS/2023.1/common/technology/xilinx/interface/nativeAXI4.gen 
Execute         source /home/jc2489/tools/Xilinx/2023.1/Vitis_HLS/2023.1/common/technology/xilinx/interface/saxilite.gen 
Execute       source /home/jc2489/tools/Xilinx/2023.1/Vitis_HLS/2023.1/common/technology/xilinx/scripts/xilinxcoregen.gen 
Execute       source /home/jc2489/tools/Xilinx/2023.1/Vitis_HLS/2023.1/common/technology/xilinx/interface/XilEDKCoreGen.gen 
Execute       source /home/jc2489/tools/Xilinx/2023.1/Vitis_HLS/2023.1/common/technology/xilinx/ip/xfir.gen 
Execute       source /home/jc2489/tools/Xilinx/2023.1/Vitis_HLS/2023.1/common/technology/xilinx/ip/xfft.gen 
Execute       source /home/jc2489/tools/Xilinx/2023.1/Vitis_HLS/2023.1/common/technology/xilinx/ip/util.gen 
Execute       source /home/jc2489/tools/Xilinx/2023.1/Vitis_HLS/2023.1/common/technology/xilinx/ip/dds_compiler.gen 
Execute       source /home/jc2489/tools/Xilinx/2023.1/Vitis_HLS/2023.1/common/technology/xilinx/DSP48/dsp48.gen 
Execute     ap_part_info -name xcu250-figd2104-2L-e -data info 
Execute     config_compile -quiet -complex-mul-dsp=0 
Command   set_part done; 1.86 sec.
Execute   create_clock -period 4 -name default 
INFO: [HLS 200-1510] Running: create_clock -period 4 -name default 
Execute     ap_set_clock -name default -period 4 -default=false 
INFO: [SYN 201-201] Setting up clock 'default' with a period of 4ns.
Execute   config_bind -effort high 
WARNING: [HLS 200-484] The 'config_bind -effort' command is deprecated and will be removed in a future release.
Execute   config_compile -pipeline_loops 1 
INFO: [HLS 200-1510] Running: config_compile -pipeline_loops 1 
INFO: [XFORM 203-1171] Pipeline the innermost loop with trip count more than 1 or its parent loop when its trip count is less than or equal 1.
Execute   csim_design 
INFO: [HLS 200-1510] Running: csim_design 
INFO-FLOW: Running SLX 'csim' proc: ::SLX::run_csim
INFO: [SIM 211-2] *************** CSIM start ***************
INFO: [SIM 211-4] CSIM will launch GCC as the compiler.
Execute     send_msg_by_id INFO @200-2036@%s debug 
INFO: [HLS 200-2036] Building debug C Simulation binaries
Execute     ap_part_info -name xcu250-figd2104-2L-e -data info 
Execute     source run_sim.tcl 
INFO: [SIM 211-1] CSim done with 0 errors.
INFO: [SIM 211-3] *************** CSIM finish ***************
Command   csim_design done; 0.47 sec.
INFO: [HLS 200-111] Finished Command csim_design CPU user time: 0.1 seconds. CPU system time: 0.35 seconds. Elapsed time: 0.47 seconds; current allocated memory: 0.234 MB.
Execute   csynth_design 
INFO: [HLS 200-1510] Running: csynth_design 
INFO-FLOW: Running SLX 'csynth' proc: ::SLX::run_csynth
Execute     elaborate -effort=medium -skip_syncheck=0 -keep_printf=0 -skip_cdt=0 -skip_transform=0 -ng=0 -g=0 -opt_fp=0 -from_csynth_design=1 
INFO: [HLS 200-111] Finished File checks and directory preparation: CPU user time: 0.05 seconds. CPU system time: 0 seconds. Elapsed time: 0.06 seconds; current allocated memory: 1.064 GB.
Execute       set_directive_top vect_mult -name=vect_mult 
Execute       source /home/jc2489/tools/Xilinx/2023.1/Vitis_HLS/2023.1/tps/tcl/tcllib1.11.1/yaml/huddle.tcl 
Execute       source /home/jc2489/tools/Xilinx/2023.1/Vitis_HLS/2023.1/tps/tcl/tcllib1.11.1/yaml/json2huddle.tcl 
Execute         source /home/jc2489/tools/Xilinx/2023.1/Vitis_HLS/2023.1/tps/tcl/tcllib1.11.1/try/try.tcl 
INFO: [HLS 200-10] Analyzing design file 'vect_mult.cpp' ... 
INFO-FLOW: Compiling one TU...
INFO-FLOW: Handling vect_mult.cpp as C++
Execute       ap_part_info -name xcu250-figd2104-2L-e -data info 
INFO-FLOW: Running: GCC PP 39
INFO-FLOW: Source preprocessing
INFO-FLOW: run_clang exec: /home/jc2489/tools/Xilinx/2023.1/Vitis_HLS/2023.1/lnx64/tools/clang-3.9-csynth/bin/clang vect_mult.cpp -foptimization-record-file=/workspace/examples/vect_mult/vect_mult_prj/solution1/.autopilot/db/vect_mult.cpp.clang.diag.yml -mllvm -pass-remarks-missed=reflow|pasta|unroll -mllvm -pass-remarks=reflow|pasta|unroll|inline -fno-limit-debug-info -gcc-toolchain /home/jc2489/tools/Xilinx/2023.1/Vitis_HLS/2023.1/tps/lnx64/gcc-8.3.0 -fhls -fno-exceptions -insert-hls-directive=/workspace/examples/vect_mult/vect_mult_prj/solution1/.autopilot/db/all.directive.json -E -fno-math-errno -c -emit-llvm -mllvm -disable-llvm-optzns -Werror=implicit-function-declaration -Werror=implicit-hls-streams -Werror=return-type -Wpragmas -Wunused-parameter -Wdump-hls-pragmas -Wno-error=dump-hls-pragmas -fno-threadsafe-statics -fno-use-cxa-atexit -std=gnu++14 -target fpga64-xilinx-linux-gnu -fno-threadsafe-statics -fno-use-cxa-atexit -D__VITIS_HLS__ -DAESL_SYN -D__SYNTHESIS__ -D__HLS_SYN__ -I /home/jc2489/tools/Xilinx/2023.1/Vitis_HLS/2023.1/common/technology/autopilot -I /home/jc2489/tools/Xilinx/2023.1/Vitis_HLS/2023.1/common/technology/autopilot/ap_sysc -include etc/autopilot_ssdm_op.h -D__DSP48E2__ -I /usr/include/x86_64-linux-gnu -o /workspace/examples/vect_mult/vect_mult_prj/solution1/.autopilot/db/vect_mult.pp.0.cpp -hls-platform-db-name=/home/jc2489/tools/Xilinx/2023.1/Vitis_HLS/2023.1/common/technology/xilinx/common/platform.db -hls-platform-name=virtexuplus_medium -device-resource-info=BRAM_5376.000000_DSP_12288.000000_FF_3456000.000000_LUT_1728000.000000_SLICE_216000.000000_SLR_4.000000_URAM_1280.000000 -device-name-info=xcu250-figd2104-2L-e > /workspace/examples/vect_mult/vect_mult_prj/solution1/.autopilot/db/vect_mult.cpp.clang.out.log 2> /workspace/examples/vect_mult/vect_mult_prj/solution1/.autopilot/db/vect_mult.cpp.clang.err.log
INFO-FLOW: Done: GCC PP 39 time: 0.1 seconds per iteration
INFO-FLOW: Source syntax check for synthesis
INFO-FLOW: run_clang exec: /home/jc2489/tools/Xilinx/2023.1/Vitis_HLS/2023.1/lnx64/tools/clang-3.9-csynth/bin/clang -foptimization-record-file=/workspace/examples/vect_mult/vect_mult_prj/solution1/.autopilot/db/clang.diag.yml -mllvm -pass-remarks-missed=reflow|pasta|unroll -mllvm -pass-remarks=reflow|pasta|unroll|inline -fsyntax-only -fhls -target fpga64-xilinx-linux-gnu /workspace/examples/vect_mult/vect_mult_prj/solution1/.autopilot/db/vect_mult.pp.0.cpp -hls-platform-db-name=/home/jc2489/tools/Xilinx/2023.1/Vitis_HLS/2023.1/common/technology/xilinx/common/platform.db -hls-platform-name=virtexuplus_medium -device-resource-info=BRAM_5376.000000_DSP_12288.000000_FF_3456000.000000_LUT_1728000.000000_SLICE_216000.000000_SLR_4.000000_URAM_1280.000000 -device-name-info=xcu250-figd2104-2L-e > /workspace/examples/vect_mult/vect_mult_prj/solution1/.autopilot/db/clang.out.log 2> /workspace/examples/vect_mult/vect_mult_prj/solution1/.autopilot/db/clang.err.log
Execute       clang_tidy xilinx-systemc-detector -desc systemc-detector /workspace/examples/vect_mult/vect_mult_prj/solution1/.autopilot/db/vect_mult.pp.0.cpp std=gnu++14 -target fpga  -directive=/workspace/examples/vect_mult/vect_mult_prj/solution1/.autopilot/db/.systemc_flag 
INFO-FLOW: exec /home/jc2489/tools/Xilinx/2023.1/Vitis_HLS/2023.1/lnx64/tools/clang-3.9-csynth/bin/clang-tidy -header-filter=.* --checks=-*,xilinx-systemc-detector -import-directive=/workspace/examples/vect_mult/vect_mult_prj/solution1/.autopilot/db/.systemc_flag -fix-errors /workspace/examples/vect_mult/vect_mult_prj/solution1/.autopilot/db/vect_mult.pp.0.cpp -- -std=gnu++14 -target fpga -fhls -ferror-limit=0
INFO-FLOW: Running: clang-tidy CDT preprocess 39
Execute       clang_tidy xilinx-directive2pragma -desc directive2pragma /workspace/examples/vect_mult/vect_mult_prj/solution1/.autopilot/db/vect_mult.pp.0.cpp std=gnu++14 -target fpga  -directive=/workspace/examples/vect_mult/vect_mult_prj/solution1/.autopilot/db/all.directive.json 
INFO-FLOW: exec /home/jc2489/tools/Xilinx/2023.1/Vitis_HLS/2023.1/lnx64/tools/clang-3.9-csynth/bin/clang-tidy -header-filter=.* --checks=-*,xilinx-directive2pragma -import-directive=/workspace/examples/vect_mult/vect_mult_prj/solution1/.autopilot/db/all.directive.json -fix-errors /workspace/examples/vect_mult/vect_mult_prj/solution1/.autopilot/db/vect_mult.pp.0.cpp -- -std=gnu++14 -target fpga -fhls -ferror-limit=0
INFO-FLOW: Done: clang-tidy CDT preprocess 39 time: 0.1 seconds per iteration
INFO-FLOW: Calling xilinx-label-all-loops ... 
INFO-FLOW: Calling xilinx-aggregate-on-hls-vector ... 
Execute       clang_tidy -errorcheck -desc loop-label xilinx-label-all-loops,xilinx-aggregate-on-hls-vector,,xilinx-warn-mayneed-no-ctor-attribute /workspace/examples/vect_mult/vect_mult_prj/solution1/.autopilot/db/vect_mult.pp.0.cpp std=gnu++14 -target fpga  
INFO-FLOW: run_clang exec: /home/jc2489/tools/Xilinx/2023.1/Vitis_HLS/2023.1/lnx64/tools/clang-3.9-csynth/bin/clang-tidy -export-fixes=/workspace/examples/vect_mult/vect_mult_prj/solution1/.autopilot/db/vect_mult.pp.0.cpp.clang-tidy.loop-label.diag.yml -header-filter=.* --checks=-*,xilinx-label-all-loops,xilinx-aggregate-on-hls-vector,,xilinx-warn-mayneed-no-ctor-attribute -fix-errors /workspace/examples/vect_mult/vect_mult_prj/solution1/.autopilot/db/vect_mult.pp.0.cpp -- -std=gnu++14 -target fpga -fhls -ferror-limit=0 > /workspace/examples/vect_mult/vect_mult_prj/solution1/.autopilot/db/vect_mult.pp.0.cpp.clang-tidy.loop-label.out.log 2> /workspace/examples/vect_mult/vect_mult_prj/solution1/.autopilot/db/vect_mult.pp.0.cpp.clang-tidy.loop-label.err.log
Execute         source /home/jc2489/tools/Xilinx/2023.1/Vitis_HLS/2023.1/tps/tcl/tcllib1.11.1/yaml/yaml.tcl 
INFO-FLOW: run_clang exec: /home/jc2489/tools/Xilinx/2023.1/Vitis_HLS/2023.1/lnx64/tools/clang-3.9-csynth/bin/xilinx-dataflow-lawyer -export-fixes=/workspace/examples/vect_mult/vect_mult_prj/solution1/.autopilot/db/vect_mult.pp.0.cpp.xilinx-dataflow-lawyer.diag.yml /workspace/examples/vect_mult/vect_mult_prj/solution1/.autopilot/db/vect_mult.pp.0.cpp -- -std=gnu++14 -target fpga -fhls -ferror-limit=0 -fstrict-dataflow > /workspace/examples/vect_mult/vect_mult_prj/solution1/.autopilot/db/vect_mult.pp.0.cpp.xilinx-dataflow-lawyer.out.log 2> /workspace/examples/vect_mult/vect_mult_prj/solution1/.autopilot/db/vect_mult.pp.0.cpp.xilinx-dataflow-lawyer.err.log
Execute       ap_part_info -name xcu250-figd2104-2L-e -data info 
INFO-FLOW: compiling source code to llvm bc
INFO-FLOW: run_clang exec: /home/jc2489/tools/Xilinx/2023.1/Vitis_HLS/2023.1/lnx64/tools/clang-3.9-csynth/bin/clang -foptimization-record-file=/workspace/examples/vect_mult/vect_mult_prj/solution1/.autopilot/db/vect_mult.pp.0.cpp.clang.diag.yml -mllvm -pass-remarks-missed=reflow|pasta|unroll -mllvm -pass-remarks=reflow|pasta|unroll|inline -fno-limit-debug-info -fhls -flto -fno-exceptions -Wno-error=c++11-narrowing /workspace/examples/vect_mult/vect_mult_prj/solution1/.autopilot/db/vect_mult.pp.0.cpp -fno-math-errno -c -emit-llvm -mllvm -disable-llvm-optzns -Werror=implicit-function-declaration -Werror=implicit-hls-streams -Werror=return-type -Wpragmas -Wunused-parameter -Wdump-hls-pragmas -Wno-error=dump-hls-pragmas -fno-threadsafe-statics -fno-use-cxa-atexit -std=gnu++14 -target fpga64-xilinx-linux-gnu -D__VITIS_HLS__ -DAESL_SYN -D__SYNTHESIS__ -D__HLS_SYN__ -I /home/jc2489/tools/Xilinx/2023.1/Vitis_HLS/2023.1/common/technology/autopilot -I /home/jc2489/tools/Xilinx/2023.1/Vitis_HLS/2023.1/common/technology/autopilot/ap_sysc -include etc/autopilot_ssdm_op.h -D__DSP48E2__ -g -o /workspace/examples/vect_mult/vect_mult_prj/solution1/.autopilot/db/vect_mult.bc -hls-platform-db-name=/home/jc2489/tools/Xilinx/2023.1/Vitis_HLS/2023.1/common/technology/xilinx/common/platform.db -hls-platform-name=virtexuplus_medium -device-resource-info=BRAM_5376.000000_DSP_12288.000000_FF_3456000.000000_LUT_1728000.000000_SLICE_216000.000000_SLR_4.000000_URAM_1280.000000 -device-name-info=xcu250-figd2104-2L-e > /workspace/examples/vect_mult/vect_mult_prj/solution1/.autopilot/db/vect_mult.pp.0.cpp.clang.out.log 2> /workspace/examples/vect_mult/vect_mult_prj/solution1/.autopilot/db/vect_mult.pp.0.cpp.clang.err.log
INFO: [HLS 200-111] Finished Source Code Analysis and Preprocessing: CPU user time: 0.2 seconds. CPU system time: 0.5 seconds. Elapsed time: 0.7 seconds; current allocated memory: 1.066 GB.
INFO-FLOW: Linking Debug ...
INFO-FLOW: Linking dut bc code.
Execute       run_link_or_opt -out /workspace/examples/vect_mult/vect_mult_prj/solution1/.autopilot/db/a.g.ld.0.bc -args  "/workspace/examples/vect_mult/vect_mult_prj/solution1/.autopilot/db/vect_mult.g.bc"  
INFO-FLOW: run_clang exec: /home/jc2489/tools/Xilinx/2023.1/Vitis_HLS/2023.1/lnx64/tools/clang-3.9-csynth/bin/llvm-link /workspace/examples/vect_mult/vect_mult_prj/solution1/.autopilot/db/vect_mult.g.bc -o /workspace/examples/vect_mult/vect_mult_prj/solution1/.autopilot/db/a.g.ld.0.bc > /workspace/examples/vect_mult/vect_mult_prj/solution1/.autopilot/db/a.g.ld.0.bc.llvm-link.out.log 2> /workspace/examples/vect_mult/vect_mult_prj/solution1/.autopilot/db/a.g.ld.0.bc.llvm-link.err.log
INFO-FLOW: 
Execute       run_link_or_opt -opt -out /workspace/examples/vect_mult/vect_mult_prj/solution1/.autopilot/db/a.g.ld.1.lower.bc -args /workspace/examples/vect_mult/vect_mult_prj/solution1/.autopilot/db/a.g.ld.0.bc -reflow-lower-math-intrinsics 
INFO-FLOW: run_clang exec: /home/jc2489/tools/Xilinx/2023.1/Vitis_HLS/2023.1/lnx64/tools/clang-3.9-csynth/bin/opt -pass-remarks-missed=reflow|pasta|unroll -pass-remarks=reflow|pasta|unroll|inline -pass-remarks-output=/workspace/examples/vect_mult/vect_mult_prj/solution1/.autopilot/db/a.g.ld.1.lower.bc.opt.diag.yml /workspace/examples/vect_mult/vect_mult_prj/solution1/.autopilot/db/a.g.ld.0.bc -reflow-lower-math-intrinsics -o /workspace/examples/vect_mult/vect_mult_prj/solution1/.autopilot/db/a.g.ld.1.lower.bc > /workspace/examples/vect_mult/vect_mult_prj/solution1/.autopilot/db/a.g.ld.1.lower.bc.opt.out.log 2> /workspace/examples/vect_mult/vect_mult_prj/solution1/.autopilot/db/a.g.ld.1.lower.bc.opt.err.log
INFO-FLOW: 
INFO-FLOW: Running: gen_design_size_report post-opt
INFO-FLOW: Done: gen_design_size_report post-opt time: 0 seconds per iteration
INFO-FLOW: Linking math bc lib
Execute       run_link_or_opt -out /workspace/examples/vect_mult/vect_mult_prj/solution1/.autopilot/db/a.g.ld.2.m1.bc -args /workspace/examples/vect_mult/vect_mult_prj/solution1/.autopilot/db/a.g.ld.1.lower.bc -only-needed /home/jc2489/tools/Xilinx/2023.1/Vitis_HLS/2023.1/lnx64/lib/libhlsm_39.bc /home/jc2489/tools/Xilinx/2023.1/Vitis_HLS/2023.1/lnx64/lib/libhlsmc++_39.bc 
INFO-FLOW: run_clang exec: /home/jc2489/tools/Xilinx/2023.1/Vitis_HLS/2023.1/lnx64/tools/clang-3.9-csynth/bin/llvm-link /workspace/examples/vect_mult/vect_mult_prj/solution1/.autopilot/db/a.g.ld.1.lower.bc -only-needed /home/jc2489/tools/Xilinx/2023.1/Vitis_HLS/2023.1/lnx64/lib/libhlsm_39.bc /home/jc2489/tools/Xilinx/2023.1/Vitis_HLS/2023.1/lnx64/lib/libhlsmc++_39.bc -o /workspace/examples/vect_mult/vect_mult_prj/solution1/.autopilot/db/a.g.ld.2.m1.bc > /workspace/examples/vect_mult/vect_mult_prj/solution1/.autopilot/db/a.g.ld.2.m1.bc.llvm-link.out.log 2> /workspace/examples/vect_mult/vect_mult_prj/solution1/.autopilot/db/a.g.ld.2.m1.bc.llvm-link.err.log
INFO-FLOW: 
Command       run_link_or_opt done; 1.09 sec.
Execute       run_link_or_opt -opt -out /workspace/examples/vect_mult/vect_mult_prj/solution1/.autopilot/db/a.g.ld.3.fpc.bc -args /workspace/examples/vect_mult/vect_mult_prj/solution1/.autopilot/db/a.g.ld.2.m1.bc -reflow-globaldce -hls-top-function-name=vect_mult -reflow-float-conversion 
INFO-FLOW: run_clang exec: /home/jc2489/tools/Xilinx/2023.1/Vitis_HLS/2023.1/lnx64/tools/clang-3.9-csynth/bin/opt -pass-remarks-missed=reflow|pasta|unroll -pass-remarks=reflow|pasta|unroll|inline -pass-remarks-output=/workspace/examples/vect_mult/vect_mult_prj/solution1/.autopilot/db/a.g.ld.3.fpc.bc.opt.diag.yml /workspace/examples/vect_mult/vect_mult_prj/solution1/.autopilot/db/a.g.ld.2.m1.bc -reflow-globaldce -hls-top-function-name=vect_mult -reflow-float-conversion -o /workspace/examples/vect_mult/vect_mult_prj/solution1/.autopilot/db/a.g.ld.3.fpc.bc > /workspace/examples/vect_mult/vect_mult_prj/solution1/.autopilot/db/a.g.ld.3.fpc.bc.opt.out.log 2> /workspace/examples/vect_mult/vect_mult_prj/solution1/.autopilot/db/a.g.ld.3.fpc.bc.opt.err.log
INFO-FLOW: 
INFO-FLOW: Running: gen_design_size_report post-opt
INFO-FLOW: Done: gen_design_size_report post-opt time: 0 seconds per iteration
Command       run_link_or_opt done; 0.45 sec.
Execute       run_link_or_opt -out /workspace/examples/vect_mult/vect_mult_prj/solution1/.autopilot/db/a.g.ld.4.m2.bc -args /workspace/examples/vect_mult/vect_mult_prj/solution1/.autopilot/db/a.g.ld.3.fpc.bc -only-needed /home/jc2489/tools/Xilinx/2023.1/Vitis_HLS/2023.1/lnx64/lib/libfloatconversion_39.bc 
INFO-FLOW: run_clang exec: /home/jc2489/tools/Xilinx/2023.1/Vitis_HLS/2023.1/lnx64/tools/clang-3.9-csynth/bin/llvm-link /workspace/examples/vect_mult/vect_mult_prj/solution1/.autopilot/db/a.g.ld.3.fpc.bc -only-needed /home/jc2489/tools/Xilinx/2023.1/Vitis_HLS/2023.1/lnx64/lib/libfloatconversion_39.bc -o /workspace/examples/vect_mult/vect_mult_prj/solution1/.autopilot/db/a.g.ld.4.m2.bc > /workspace/examples/vect_mult/vect_mult_prj/solution1/.autopilot/db/a.g.ld.4.m2.bc.llvm-link.out.log 2> /workspace/examples/vect_mult/vect_mult_prj/solution1/.autopilot/db/a.g.ld.4.m2.bc.llvm-link.err.log
INFO-FLOW: 
Execute       run_link_or_opt -opt -out /workspace/examples/vect_mult/vect_mult_prj/solution1/.autopilot/db/a.g.ld.5.gdce.bc -args /workspace/examples/vect_mult/vect_mult_prj/solution1/.autopilot/db/a.g.ld.4.m2.bc -reflow-globaldce -hls-top-function-name=vect_mult 
INFO-FLOW: run_clang exec: /home/jc2489/tools/Xilinx/2023.1/Vitis_HLS/2023.1/lnx64/tools/clang-3.9-csynth/bin/opt -pass-remarks-missed=reflow|pasta|unroll -pass-remarks=reflow|pasta|unroll|inline -pass-remarks-output=/workspace/examples/vect_mult/vect_mult_prj/solution1/.autopilot/db/a.g.ld.5.gdce.bc.opt.diag.yml /workspace/examples/vect_mult/vect_mult_prj/solution1/.autopilot/db/a.g.ld.4.m2.bc -reflow-globaldce -hls-top-function-name=vect_mult -o /workspace/examples/vect_mult/vect_mult_prj/solution1/.autopilot/db/a.g.ld.5.gdce.bc > /workspace/examples/vect_mult/vect_mult_prj/solution1/.autopilot/db/a.g.ld.5.gdce.bc.opt.out.log 2> /workspace/examples/vect_mult/vect_mult_prj/solution1/.autopilot/db/a.g.ld.5.gdce.bc.opt.err.log
INFO-FLOW: 
INFO-FLOW: Running: gen_design_size_report post-opt
INFO-FLOW: Done: gen_design_size_report post-opt time: 0 seconds per iteration
Execute       send_msg_by_id INFO @200-777@%s Vivado 
INFO: [HLS 200-777] Using interface defaults for 'Vivado' flow target.
Execute       is_m_axi_addr64 
INFO-FLOW: Doing LTO.
INFO-FLOW: run_clang (background poll_ms 5000) exec: /home/jc2489/tools/Xilinx/2023.1/Vitis_HLS/2023.1/lnx64/tools/clang-3.9-csynth/bin/clang -foptimization-record-file=/workspace/examples/vect_mult/vect_mult_prj/solution1/.autopilot/db/a.g.ld.0.bc.clang.reflow.diag.yml -mllvm -pass-remarks-missed=reflow|pasta|unroll -mllvm -pass-remarks=reflow|pasta|unroll|inline -fhls -mllvm -hls-top-function-name=vect_mult -mllvm -hls-db-dir -mllvm /workspace/examples/vect_mult/vect_mult_prj/solution1/.autopilot/db -emit-llvm -c -target fpga64-xilinx-none -mllvm -xcl-xmlinfo=/workspace/examples/vect_mult/vect_mult_prj/solution1/.autopilot/db/kernel.internal.xml -mllvm -top-io-mapping-info=/workspace/examples/vect_mult/vect_mult_prj/solution1/.autopilot/db/top-io-fe.xml -mllvm -hls-bitcode-version=3.1 -mllvm -reflow-enable-slave-interface-default-setting=true -mllvm -gen-kernel-xml=false -mllvm -default-maxi-offset=slave -mllvm -maxi-latency=0 -mllvm -hls-maxi-data-size-in-bits=8 -mllvm -hls-maxi-max-data-size-in-bits=1024 -mllvm -hls-max-widen-size-in-bits=0 -mllvm -xcl-kernel-max-mem-ports=0 -mllvm -maxi-read-trans=16 -mllvm -maxi-write-trans=16 -mllvm -maxi-read-burst-len=16 -mllvm -maxi-write-burst-len=16 -mllvm -reflow-enable-saxi-64bits=0 -mllvm -reflow-basic-block-instr-threshold=200000 -mllvm -reflow-auto-pipeline-threshold=1 -mllvm -reflow-enable-maxi-auto-id-channel=0 -mllvm -enable-fp-thr=0 -mllvm -reflow-bdd-simplify-threshold=1024 -mllvm -reflow-fanout-threshold=16 -mllvm -assume-maxi-align=1 -mllvm -reflow-pipeline-style-llvm-setting=2 -mllvm -reflow-enable-dataflow-strict-mode-checking=1 -ftime-report -mllvm -time-passes -mllvm -reflow-auto-array-partition-mode=default -mllvm -reflow-enable-auto-array-partition=true -mllvm -reflow-enable-auto-parallel-performance-driven=true -mllvm -reflow-enable-partition-for-automation=true -mllvm -reflow-aggregate-bitwidth-threshold=4096 -mllvm -reflow-reserved-saxilite-registers=1024 -mllvm -reflow-assume-no-address-wrap=true -mllvm -reflow-enable-occurrence-inference=true -mllvm -hls -mllvm -disable-inlined-alloca-merging=true -mllvm -default-clock-period=4 -x ir /workspace/examples/vect_mult/vect_mult_prj/solution1/.autopilot/db/a.g.ld.5.gdce.bc -o /workspace/examples/vect_mult/vect_mult_prj/solution1/.autopilot/db/a.g.lto.bc -hls-platform-db-name=/home/jc2489/tools/Xilinx/2023.1/Vitis_HLS/2023.1/common/technology/xilinx/common/platform.db -hls-platform-name=virtexuplus_medium -device-resource-info=BRAM_5376.000000_DSP_12288.000000_FF_3456000.000000_LUT_1728000.000000_SLICE_216000.000000_SLR_4.000000_URAM_1280.000000 -device-name-info=xcu250-figd2104-2L-e 2> /workspace/examples/vect_mult/vect_mult_prj/solution1/.autopilot/db/a.g.ld.0.bc.clang.reflow.err.log
Execute       send_msg_by_id INFO @200-1995@%s%s%s 25 Compile/Link /workspace/examples/vect_mult/vect_mult_prj/solution1/syn/report/csynth_design_size.rpt 
INFO: [HLS 200-1995] There were 25 instructions in the design after the 'Compile/Link' phase of compilation. See the Design Size Report for more details: /workspace/examples/vect_mult/vect_mult_prj/solution1/syn/report/csynth_design_size.rpt
Execute       send_msg_by_id INFO @200-1995@%s%s%s 28 Unroll/Inline /workspace/examples/vect_mult/vect_mult_prj/solution1/syn/report/csynth_design_size.rpt 
INFO: [HLS 200-1995] There were 28 instructions in the design after the 'Unroll/Inline' phase of compilation. See the Design Size Report for more details: /workspace/examples/vect_mult/vect_mult_prj/solution1/syn/report/csynth_design_size.rpt
Execute       send_msg_by_id INFO @200-1995@%s%s%s 31 Performance/Pipeline /workspace/examples/vect_mult/vect_mult_prj/solution1/syn/report/csynth_design_size.rpt 
INFO: [HLS 200-1995] There were 31 instructions in the design after the 'Performance/Pipeline' phase of compilation. See the Design Size Report for more details: /workspace/examples/vect_mult/vect_mult_prj/solution1/syn/report/csynth_design_size.rpt
Execute       send_msg_by_id INFO @200-1995@%s%s%s 39 Optimizations /workspace/examples/vect_mult/vect_mult_prj/solution1/syn/report/csynth_design_size.rpt 
INFO: [HLS 200-1995] There were 39 instructions in the design after the 'Optimizations' phase of compilation. See the Design Size Report for more details: /workspace/examples/vect_mult/vect_mult_prj/solution1/syn/report/csynth_design_size.rpt
INFO: [HLS 214-115] Multiple burst writes of variable length and bit width 32 in loop 'VITIS_LOOP_12_1'(vect_mult.cpp:12:19) has been inferred on bundle 'gmem'. These burst requests might be further partitioned into multiple requests during RTL generation, based on max_read_burst_length or max_write_burst_length settings. (vect_mult.cpp:12:19)
INFO-FLOW: DBG:PUTS: copy_raw_kernel_xml ap_link_39: kernel.xml not generated: /workspace/examples/vect_mult/vect_mult_prj/solution1/.autopilot/db/kernel.internal.xml
INFO: [HLS 200-111] Finished Compiling Optimization and Transform: CPU user time: 1.53 seconds. CPU system time: 0.59 seconds. Elapsed time: 6.95 seconds; current allocated memory: 1.067 GB.
INFO: [HLS 200-111] Finished Checking Pragmas: CPU user time: 0 seconds. CPU system time: 0 seconds. Elapsed time: 0 seconds; current allocated memory: 1.067 GB.
Execute       opt_and_import_c a -opt_level=2 -skip_syncheck=0 -ng=0 -keep_printf=0 
Execute         cleanup_all_models 
INFO: [HLS 200-10] Starting code transformations ...
INFO-FLOW: Running Standard Transforms...
Execute         transform -hls -share-std-xform -demangle-name -inline-byval-memcpy -always-inline -promote-dbg-pointer -interface-preproc -mem2reg -scalarrepl -mem2reg -keep-read-access -instcombine -dce -promote-dbg-pointer -bitop-raise -loop-simplify -indvarspre -indvars -loop-simplify -xunroll -constprop -instcombine -simplifycfg -indvars -simplifycfg -dce -globaldce -basicaa -simplifycfg -mem2reg -globalopt -global-constprop -deadargelim -instcombine -simplifycfg -scalarrepl -instcombine -reassociate -licm -simplifycfg -loop-simplify -indvars -instcombine -simplifycfg -mem2reg -loop-simplify -indvars -instcombine -gvn -gvn -instcombine -adce -break-crit-edges -simplifycfg -loop-delete -global-array-opt -dce -dse -adce -find-syn-modules -top vect_mult -deadargelim -mem2reg -instcombine -dce -presyn-prepare -auto-rom-infer -interface-preproc -syn-check -check-rec-only -find-region -simplifycfg -func-extr -function-inline -globaldce -mem2reg -instcombine -dce -gvn -globaldce -adce -adse -constprop -instcombine -bit-constprop -instcombine -dce -simplifycfg -bitop-raise -simplifycfg -dce -loop-delete -reassociate -globalopt -global-privatize -mem2reg -dce -global-constprop -pointer-simplify -constprop -dce -auto-shift-reg-idiom -promote-dbg-pointer -norm-name /workspace/examples/vect_mult/vect_mult_prj/solution1/.autopilot/db/a.g.0.bc -o /workspace/examples/vect_mult/vect_mult_prj/solution1/.autopilot/db/a.g.1.bc -f -phase std-opt 
INFO: [HLS 200-111] Finished Standard Transforms: CPU user time: 0 seconds. CPU system time: 0 seconds. Elapsed time: 0.01 seconds; current allocated memory: 1.068 GB.
INFO: [HLS 200-10] Checking synthesizability ...
INFO-FLOW: Checking Synthesizability 1/2..
Execute         transform -hls -syn-check -check-rec-only -scalarrepl -norm-name -dce -mem2reg -instcombine -directive-preproc -mem2reg -dse -dce -auto-rom-infer -dce -pag -array-normalize -instcombine -dce -array-seg-normalize -instcombine -dce -data-pack -instcombine -dce -inst-simplify -array-flatten -instcombine -dce -array-burst -dce -deadargelim -promote-global-argument -simplifycfg -mem2reg -globaldce -dce -deadargelim -dce -instcombine -function-inline -globaldce -dce -doublePtrSimplify -doublePtrElim -dce -doublePtrSimplify -promote-dbg-pointer -dce -scalarrepl -dse -adse -instcombine -ptrLegalization -simplifycfg -dce -instcombine -pointer-simplify -ptrArgReplace -dce -instcombine -resolve-double-ptr -scalarrepl -norm-name -dce -mem2reg -instcombine -ptrLegalization -simplifycfg -deadargelim -instcombine -dce -inst-simplify -directive-preproc -mem2reg -dse -dce -globaldce /workspace/examples/vect_mult/vect_mult_prj/solution1/.autopilot/db/a.g.1.bc -o /workspace/examples/vect_mult/vect_mult_prj/solution1/.autopilot/db/a.g.2.prechk.bc -f 
INFO-FLOW: Checking Synthesizability 2/2..
Execute         transform -syn-check /workspace/examples/vect_mult/vect_mult_prj/solution1/.autopilot/db/a.g.2.prechk.bc -o /workspace/examples/vect_mult/vect_mult_prj/solution1/.autopilot/db/a.g.2.bc -f -phase syn-check 
INFO: [HLS 200-111] Finished Checking Synthesizability: CPU user time: 0.01 seconds. CPU system time: 0 seconds. Elapsed time: 0 seconds; current allocated memory: 1.068 GB.
INFO-FLOW: Compiler optimizing ...
INFO-FLOW: Share syncheck's 1.bc for syn flow: copy /workspace/examples/vect_mult/vect_mult_prj/solution1/.autopilot/db/a.g.1.bc to /workspace/examples/vect_mult/vect_mult_prj/solution1/.autopilot/db/a.o.1.bc
INFO-FLOW: Presyn 1...
Execute         transform -hls -tmp /workspace/examples/vect_mult/vect_mult_prj/solution1/.autopilot/db -interface-port-rename -directive-preproc -mem2reg -dse -dce -scalarrepl -norm-name -deadargelim -mem2reg -instcombine -dce -simplifycfg -auto-rom-infer -dce -resource-proc -clib-intrinsic-prepare -dce -func-buffer -dce -pag -array-normalize -func-legal -instcombine -gvn -constprop -dce -simplifycfg -mem2reg -globaldce -resolve-double-ptr -dce -deadargelim -dce -instcombine -ptrArgReplace -mem2reg -dce -array-seg-normalize -deadargelim -instcombine -dce -directive-preproc -mem2reg -dse -dce -pointer-simplify -dce -port-alignment -dce -interface-preproc -data-pack -instcombine -dce -basicaa -aggr-aa -aggrmodref-aa -aggr-aa -gvn -gvn -basicaa -aggr-aa -aggrmodref-aa -aggr-aa -dse -adse -adce -loop-simplify -indvars -instcombine -gvn -loop-simplify -mem2reg -dce -find-region -instcombine -auto-loop-pipeline -inst-simplify -interface-preproc -cfgopt -instcombine -indvars -auto-loop-unroll -loop-simplify -loop-bound -xunroll -constprop -instcombine -simplifycfg -indvars -simplifycfg -dce -globaldce -clean-region -attach-range -gvn -inst-simplify -constprop -simplifycfg -dce -pointer-simplify -dce -globalopt -constprop -dce -array-promote -scalar-auto-dep-elim -constprop -dce -ptrArgReplace -mem2reg -simplifycfg -dce -instcombine -dce -array-transform-check -array-reshape -instcombine -simplifycfg -dce -ptrArgReplace -deadargelim -mem2reg -instcombine -simplifycfg -dce -indvars -loop-simplify -loop-bound -xunroll -constprop -instcombine -simplifycfg -indvars -simplifycfg -dce -globaldce -basicaa -aggr-aa -aggrmodref-aa -aggr-aa -dse -duplicate-dataflow-processes -globaldce -instcombine -array-partition -prepare-dynamic-array-partition -instcombine -simplifycfg -dce -ptrArgReplace -global-constprop -deadargelim -mem2reg -func-legal -dce -global-constprop -deadargelim -mem2reg -simplifycfg -dce -merge-param -deadargelim -globalopt -constprop -dce -array-promote -scalar-auto-dep-elim -constprop -dce -ptrArgReplace -mem2reg -simplifycfg -dce -mem-intrinsic-preproc -dce -global-internalize -global-privatize -mem2reg -globaldce -promote-global-argument -ptrArgReplace -mem2reg -dce -globalopt -mergereturn -simplify-global-access -mem2reg -dce -pointer-simplify -dce -functionattrs -basicaa -aggr-aa -aggrmodref-aa -aggr-aa -gvn -gvn -basicaa -aggr-aa -aggrmodref-aa -aggr-aa -dse -adse -adce -dce -norm-name -basicaa -aggr-aa -aggrmodref-aa -aggr-aa -accesses-merge -function-inline -complex-op-raise -inst-simplify -globaldce -func-legal -dce -loop-bound -arraycheck -bitwidthmin2 -bitwidthmin2 -on-by-dataflow -loop-delete -instcombine -simplifycfg -globaldce -dce -gvn -deadargelim -dce -loop-simplify -clean-region -simplifycfg -propagate-stable-arguments -loop-stream -instcombine -simplifycfg -dce -globaldce -duplicate-dataflow-processes -stream-intrinsic-preproc -dce -check-ap-stream -loop-simplify -eliminate-keepreads -extract-dataflow-in-loop -loop-simplify -dce -gvn -deadargelim -dse -duplicate-dataflow-processes -check-dataflow-syntax -legalize-stream-variable -globaldce -legalize-global -extract-subproc -dce -dead-channel-elimination -canonicalize-gep -globaldce -dce -gvn -hls-dead-arg-elim -deadargelim -directive-preproc -canonicalize-dataflow -dce -globaldce -scalar-preprocessing -scalar-propagation2 -deadargelim -globaldce -mem2reg -check-dataflow-channels -function-stream -dce -globaldce -prop-fifo-spec -internal-stream-gen -canonicalize-gep -globaldce -dce -gvn -deadargelim -mergereturn -indvars -loop-simplify -instcombine -array-stream -array-seg-normalize -array-partition -func-legal -instcombine -simplifycfg -dce -bundle-memfifo-ops -deadargelim -directive-preproc -mem2reg -dse -dce -group-axi-access -licm -simplifycfg -dce -loop-delete -hls-display -norm-name /workspace/examples/vect_mult/vect_mult_prj/solution1/.autopilot/db/a.o.1.bc -o /workspace/examples/vect_mult/vect_mult_prj/solution1/.autopilot/db/a.o.1.tmp.bc -f 
INFO-FLOW: Presyn 2...
Execute         transform -hls -keep-callgraph -scalarrepl -mem2reg -port-alignment -attach-range -dce -pipe-mux-gen -indvars -loop-bound -inst-simplify -instcombine -dce -merge-array-access -mem2reg -dce -clean-region -mergereturn -if-conv -instcombine -dce -constprop -basicaa -aggr-aa -aggrmodref-aa -aggr-aa -gvn -gvn -basicaa -aggr-aa -aggrmodref-aa -aggr-aa -dse -adse -adce -scalarrepl -mem2reg -global-constprop -deadargelim -deadargelim -instcombine -dce -simplifycfg -ptrArgReplace -mem2reg -function-inline -globaldce -mem2reg -instcombine -dce -expr-balance -instcombine -dce -bitwidthmin2 -bitwidthmin2 -interface-preproc -directive-preproc -inst-rectify -instcombine -dce -functionattrs -constprop -instcombine -bit-constprop -simplify-global-access -globalopt -globaldce -inst-simplify -instcombine -elimdeaddata -dce -loop-delete -simplifycfg -loop-simplify -barrier -norm-name /workspace/examples/vect_mult/vect_mult_prj/solution1/.autopilot/db/a.o.1.tmp.bc -o /workspace/examples/vect_mult/vect_mult_prj/solution1/.autopilot/db/a.o.2.bc -f -phase presyn 
INFO: [HLS 200-111] Finished Loop, function and other optimizations: CPU user time: 0.01 seconds. CPU system time: 0.01 seconds. Elapsed time: 0.02 seconds; current allocated memory: 1.088 GB.
INFO-FLOW: Building ssdm...
Execute         transform -hls -auto-function-inline -globaldce -ptrArgReplace -mem2reg -dce -reset-lda -loop-simplify -indvars -aggr-aa -licm -loop-dep -loop-bound -licm -loop-simplify -loop-sink-hoist -flattenloopnest -array-flatten -gvn -instcombine -dce -array-map -dce -func-legal -gvn -adce -instcombine -cfgopt -simplifycfg-lite -loop-simplify -array-burst -promote-global-argument -dce -array-seg-normalize -basicaa -aggrmodref-aa -globalsmodref-aa -aggr-aa -gvn -gvn -basicaa -aggrmodref-aa -globalsmodref-aa -aggr-aa -dse -adse -adce -licm -inst-simplify -dce -globaldce -instcombine -array-stream -eliminate-keepreads -instcombine -dce -deadargelim -doublePtrSimplify -doublePtrElim -dce -doublePtrSimplify -promote-dbg-pointer -dce -scalarrepl -mem2reg -norm-name -mem2reg -instcombine -dse -adse -adce -ptrLegalization -dce -auto-rom-infer -array-flatten -dce -instcombine -check-doubleptr -loop-rot -constprop -cfgopt -simplifycfg-lite -loop-simplify -indvars -pointer-simplify -dce -loop-bound -loop-simplify -loop-preproc -constprop -global-constprop -gvn -mem2reg -instcombine -dce -loop-bound -loop-merge -dce -deadargelim -dce -canonicalize-dataflow -dce -deadargelim -globaldce -mem2reg -bram-byte-enable -load-elim -read-loop-dep -loop-simplify -loop-extract-inner -directive-preproc -bitwidthmin2 -bitwidthmin2 -read-loop-dep -interface-preproc -directive-preproc -interface-gen -bram-byte-enable-spec-prop -deadargelim -inst-simplify -dce -gvn -mem2reg -instcombine -dce -adse -loop-bound -instcombine -cfgopt -simplifycfg-lite -loop-simplify -clean-region -io-protocol -find-region -mem2reg -bitop-raise -complex-op-raise -inst-simplify -inst-rectify -instcombine -adce -deadargelim -float-op-raise -loop-simplify -phi-opt -bitop-raise -cfgopt -simplifycfg-lite -strip-dead-prototypes -interface-lower -bitop-lower -intrinsic-lower -auto-function-inline -basicaa -aggrmodref-aa -globalsmodref-aa -aggr-aa -inst-simplify -simplifycfg-lite -loop-simplify -mergereturn -inst-simplify -inst-rectify -globaldce -dce -load-elim -bitop-lower -float-op-raise -fma-raise -loop-rewind -pointer-simplify -dce -cfgopt -dce -loop-bound -loop-dep -read-loop-dep -dce -dyn-mem-reuse -dce -recurrence-min -dce -share-scalar-alloca -deadargelim -dce -check-stream -norm-name -legalize -validate-dataflow -inst-clarity -bitwidth -dce -dump-loop-dep-to-ir -check-all-ssdm -dump-complexity-metric -cdfg-build /workspace/examples/vect_mult/vect_mult_prj/solution1/.autopilot/db/a.o.2.bc -o /workspace/examples/vect_mult/vect_mult_prj/solution1/.autopilot/db/a.o.3.bc -f -phase build-ssdm 
Execute           auto_get_db
INFO: [HLS 200-111] Finished Architecture Synthesis: CPU user time: 0.02 seconds. CPU system time: 0 seconds. Elapsed time: 0.02 seconds; current allocated memory: 1.088 GB.
INFO-FLOW: Finish building internal data model.
Command     elaborate done; 7.7 sec.
Execute     ap_eval exec zip -j /workspace/examples/vect_mult/vect_mult_prj/solution1/.autopilot/db/dut.hcp $dbDir/a.o.3.bc $dbDir/${topname}.rtl_wrap.cfg.tcl $dbDir/apatb_${topname}.cpp $dbDir/apatb_${topname}_util.cpp $dbDir/apatb_${topname}_ir.ll $dbDir/mapper_${topname}.cpp $dbDir/top-io-fe.xml $dbDir/kernel.internal.xml $workdir/../hls.app 
Command     ap_eval done; error code: 1; 
INFO-FLOW: exec zip -j /workspace/examples/vect_mult/vect_mult_prj/solution1/.autopilot/db/dut.hcp $dbDir/a.o.3.bc $dbDir/${topname}.rtl_wrap.cfg.tcl $dbDir/apatb_${topname}.cpp $dbDir/apatb_${topname}_util.cpp $dbDir/apatb_${topname}_ir.ll $dbDir/mapper_${topname}.cpp $dbDir/top-io-fe.xml $dbDir/kernel.internal.xml $workdir/../hls.app
INFO-FLOW: couldn't execute "zip": no such file or directory
Execute     autosyn -from_csynth_design=1 
INFO: [HLS 200-10] Starting hardware synthesis ...
INFO-FLOW: Synthesizing C/C++ design ...
INFO: [HLS 200-10] Synthesizing 'vect_mult' ...
Execute       ap_set_top_model vect_mult 
Execute       get_model_list vect_mult -filter all-wo-channel -topdown 
Execute       preproc_iomode -model vect_mult 
Execute       get_model_list vect_mult -filter all-wo-channel 
INFO-FLOW: Model list for configure: vect_mult
INFO-FLOW: Configuring Module : vect_mult ...
Execute       set_default_model vect_mult 
Execute       apply_spec_resource_limit vect_mult 
INFO-FLOW: Model list for preprocess: vect_mult
INFO-FLOW: Preprocessing Module: vect_mult ...
Execute       set_default_model vect_mult 
Execute       cdfg_preprocess -model vect_mult 
Execute       rtl_gen_preprocess vect_mult 
INFO-FLOW: Model list for synthesis: vect_mult
INFO: [HLS 200-10] ----------------------------------------------------------------
INFO: [HLS 200-42] -- Implementing module 'vect_mult' 
INFO: [HLS 200-10] ----------------------------------------------------------------
Execute       set_default_model vect_mult 
Execute       schedule -model vect_mult 
INFO: [SCHED 204-11] Starting scheduling ...
INFO: [SCHED 204-61] Pipelining loop 'VITIS_LOOP_12_1'.
WARNING: [HLS 200-885] The II Violation in module 'vect_mult' (loop 'VITIS_LOOP_12_1'): Unable to schedule bus request operation ('gmem_load_1_req', vect_mult.cpp:14) on port 'gmem' (vect_mult.cpp:14) due to limited memory ports (II = 1). Please consider using a memory core with more ports or partitioning the array.
INFO: [HLS 200-1470] Pipelining result : Target II = NA, Final II = 2, Depth = 19, loop 'VITIS_LOOP_12_1'
INFO: [SCHED 204-11] Finished scheduling.
Command       schedule done; 0.15 sec.
INFO: [HLS 200-111] Finished Scheduling: CPU user time: 0.16 seconds. CPU system time: 0.06 seconds. Elapsed time: 0.22 seconds; current allocated memory: 1.088 GB.
Execute       syn_report -verbosereport -o /workspace/examples/vect_mult/vect_mult_prj/solution1/.autopilot/db/vect_mult.verbose.sched.rpt 
Execute         list_part -family xcu250-figd2104-2L-e 
Execute           ap_family_info -name xcu250-figd2104-2L-e -data names 
Execute           ap_part_info -quiet -name xcu250-figd2104-2L-e -data family 
Command       syn_report done; 0.16 sec.
Execute       db_write -o /workspace/examples/vect_mult/vect_mult_prj/solution1/.autopilot/db/vect_mult.sched.adb -f 
INFO-FLOW: Finish scheduling vect_mult.
Execute       set_default_model vect_mult 
Execute       bind -model vect_mult 
BIND OPTION: effort=high
INFO: [BIND 205-100] Starting micro-architecture generation ...
INFO: [BIND 205-101] Performing variable lifetime analysis.
INFO: [BIND 205-101] Exploring resource sharing.
INFO: [BIND 205-101] Binding ...
INFO: [BIND 205-101] Start micro-architecture refinement ...
INFO: [BIND 205-100] Current cost: 984.8
INFO: [BIND 205-100]  Iter  Moves  Swaps Merges  Swept   Fu     Reg     Cost   
INFO: [BIND 205-100]   0      0      0      0      0     39     14      984.8  
INFO: [BIND 205-100]   1     12     12      0      0     39     14      984.8  
INFO: [BIND 205-100]   2     12     12      0      0     39     14      984.8  
INFO: [BIND 205-100]   3     12     12      0      0     39     14      984.8  
INFO: [BIND 205-100] Final cost: 984.8
INFO: [BIND 205-101] Done micro-architecture refinement; elapsed 0.010551 sec.
INFO: [BIND 205-100] Finished micro-architecture generation.
INFO: [HLS 200-111] Finished Binding: CPU user time: 0.25 seconds. CPU system time: 0.01 seconds. Elapsed time: 0.26 seconds; current allocated memory: 1.088 GB.
Execute       syn_report -verbosereport -o /workspace/examples/vect_mult/vect_mult_prj/solution1/.autopilot/db/vect_mult.verbose.bind.rpt 
Execute         list_part -family xcu250-figd2104-2L-e 
Execute           ap_family_info -name xcu250-figd2104-2L-e -data names 
Execute           ap_part_info -quiet -name xcu250-figd2104-2L-e -data family 
Execute       db_write -o /workspace/examples/vect_mult/vect_mult_prj/solution1/.autopilot/db/vect_mult.bind.adb -f 
INFO-FLOW: Finish binding vect_mult.
Execute       get_model_list vect_mult -filter all-wo-channel 
INFO-FLOW: Preprocessing for RTLGen ...
Execute       rtl_gen_preprocess vect_mult 
INFO-FLOW: Model list for RTL generation: vect_mult
INFO: [HLS 200-10] ----------------------------------------------------------------
INFO: [HLS 200-10] -- Generating RTL for module 'vect_mult' 
INFO: [HLS 200-10] ----------------------------------------------------------------
Execute       create_rtl_model vect_mult -top_prefix  -sub_prefix vect_mult_ -mg_file /workspace/examples/vect_mult/vect_mult_prj/solution1/.autopilot/db/vect_mult.compgen.tcl 
WARNING: [RTGEN 206-101] Design contains AXI ports. Reset is fixed to synchronous and active low.
INFO: [RTGEN 206-500] Setting interface mode on port 'vect_mult/gmem' to 'm_axi'.
INFO: [RTGEN 206-500] Setting interface mode on port 'vect_mult/size' to 's_axilite & ap_none'.
INFO: [RTGEN 206-500] Setting interface mode on port 'vect_mult/a' to 's_axilite & ap_none'.
INFO: [RTGEN 206-500] Setting interface mode on port 'vect_mult/b' to 's_axilite & ap_none'.
INFO: [RTGEN 206-500] Setting interface mode on port 'vect_mult/c' to 's_axilite & ap_none'.
INFO: [RTGEN 206-500] Setting interface mode on function 'vect_mult' to 's_axilite & ap_ctrl_hs'.
INFO: [RTGEN 206-100] Bundling port 'size', 'a', 'b', 'c' to AXI-Lite port control.
INFO: [RTGEN 206-100] Generating core module 'mul_32s_32s_32_2_1': 1 instance(s).
INFO: [RTGEN 206-100] Finished creating RTL model for 'vect_mult'.
INFO: [HLS 200-111] Finished Creating RTL model: CPU user time: 0.05 seconds. CPU system time: 0 seconds. Elapsed time: 0.05 seconds; current allocated memory: 1.088 GB.
Execute       source /workspace/examples/vect_mult/vect_mult_prj/solution1/.autopilot/db/vect_mult.rtl_wrap.cfg.tcl 
Execute       gen_rtl vect_mult -istop -style xilinx -f -lang vhdl -o /workspace/examples/vect_mult/vect_mult_prj/solution1/syn/vhdl/vect_mult 
Execute       gen_rtl vect_mult -istop -style xilinx -f -lang vlog -o /workspace/examples/vect_mult/vect_mult_prj/solution1/syn/verilog/vect_mult 
Execute       syn_report -csynth -model vect_mult -o /workspace/examples/vect_mult/vect_mult_prj/solution1/syn/report/vect_mult_csynth.rpt 
Execute         list_part -family xcu250-figd2104-2L-e 
Execute           ap_family_info -name xcu250-figd2104-2L-e -data names 
Execute           ap_part_info -quiet -name xcu250-figd2104-2L-e -data family 
Execute       syn_report -rtlxml -model vect_mult -o /workspace/examples/vect_mult/vect_mult_prj/solution1/syn/report/vect_mult_csynth.xml 
Execute         list_part -family xcu250-figd2104-2L-e 
Execute           ap_family_info -name xcu250-figd2104-2L-e -data names 
Execute           ap_part_info -quiet -name xcu250-figd2104-2L-e -data family 
Execute       syn_report -verbosereport -model vect_mult -o /workspace/examples/vect_mult/vect_mult_prj/solution1/.autopilot/db/vect_mult.verbose.rpt 
Execute         list_part -family xcu250-figd2104-2L-e 
Execute           ap_family_info -name xcu250-figd2104-2L-e -data names 
Execute           ap_part_info -quiet -name xcu250-figd2104-2L-e -data family 
Execute       db_write -model vect_mult -f -o /workspace/examples/vect_mult/vect_mult_prj/solution1/.autopilot/db/vect_mult.adb 
Execute       db_write -model vect_mult -bindview -o /workspace/examples/vect_mult/vect_mult_prj/solution1/.autopilot/db/design.bindinfo.xml 
Execute       gen_tb_info vect_mult -p /workspace/examples/vect_mult/vect_mult_prj/solution1/.autopilot/db -o /workspace/examples/vect_mult/vect_mult_prj/solution1/.autopilot/db/vect_mult 
Execute       export_constraint_db -f -tool general -o /workspace/examples/vect_mult/vect_mult_prj/solution1/.autopilot/db/vect_mult.constraint.tcl 
Execute       syn_report -designview -model vect_mult -o /workspace/examples/vect_mult/vect_mult_prj/solution1/.autopilot/db/vect_mult.design.xml 
Execute       syn_report -csynthDesign -model vect_mult -o /workspace/examples/vect_mult/vect_mult_prj/solution1/syn/report/csynth.rpt -MHOut /workspace/examples/vect_mult/vect_mult_prj/solution1/.autopilot/db/kernel_module_hierarchy.tcl 
Execute         list_part -family xcu250-figd2104-2L-e 
Execute           ap_family_info -name xcu250-figd2104-2L-e -data names 
Execute           ap_part_info -quiet -name xcu250-figd2104-2L-e -data family 
Execute       syn_report -wcfg -model vect_mult -o /workspace/examples/vect_mult/vect_mult_prj/solution1/.autopilot/db/vect_mult_dataflow_ana.wcfg 
Execute       syn_report -protoinst -model vect_mult -o /workspace/examples/vect_mult/vect_mult_prj/solution1/.autopilot/db/vect_mult.protoinst 
Execute       sc_get_clocks vect_mult 
Execute       sc_get_portdomain vect_mult 
INFO-FLOW: Model list for RTL component generation: vect_mult
INFO-FLOW: Handling components in module [vect_mult] ... 
Execute       source /workspace/examples/vect_mult/vect_mult_prj/solution1/.autopilot/db/vect_mult.compgen.tcl 
INFO-FLOW: Found component vect_mult_mul_32s_32s_32_2_1.
INFO-FLOW: Append model vect_mult_mul_32s_32s_32_2_1
INFO-FLOW: Found component vect_mult_gmem_m_axi.
INFO-FLOW: Append model vect_mult_gmem_m_axi
INFO-FLOW: Found component vect_mult_control_s_axi.
INFO-FLOW: Append model vect_mult_control_s_axi
INFO-FLOW: Append model vect_mult
INFO-FLOW: Generating RTL model list ...
INFO-FLOW: All models in this session: vect_mult_mul_32s_32s_32_2_1 vect_mult_gmem_m_axi vect_mult_control_s_axi vect_mult
INFO-FLOW: Generating /workspace/examples/vect_mult/vect_mult_prj/solution1/.autopilot/db/autopilot.rtl.models.txt file...
INFO-FLOW: To file: write model vect_mult_mul_32s_32s_32_2_1
INFO-FLOW: To file: write model vect_mult_gmem_m_axi
INFO-FLOW: To file: write model vect_mult_control_s_axi
INFO-FLOW: To file: write model vect_mult
INFO-FLOW: Generating /workspace/examples/vect_mult/vect_mult_prj/solution1/.autopilot/db/autopilot.rtl.models.tcl file...
INFO-FLOW: Finished generating RTL model list.


INFO-FLOW: RTL Generation done.
INFO-FLOW: CAS Generation done.
INFO-FLOW: CBC Generation done.
INFO-FLOW: DBG:PROC: ::AESL_AUTOMG::auto_generate_csynth_design
INFO-FLOW: DBG:PUTS: read_platform_lib /workspace/examples/vect_mult/vect_mult_prj/solution1/.autopilot/db/global.setting.tcl
Execute       source /home/jc2489/tools/Xilinx/2023.1/Vitis_HLS/2023.1/common/technology/generic/autopilot/common.gen 
Execute         source /home/jc2489/tools/Xilinx/2023.1/Vitis_HLS/2023.1/common/technology/generic/autopilot/APCoreGen.gen 
Execute       source /home/jc2489/tools/Xilinx/2023.1/Vitis_HLS/2023.1/common/technology/generic/autopilot/op.gen 
Execute       source /home/jc2489/tools/Xilinx/2023.1/Vitis_HLS/2023.1/common/technology/generic/autopilot/op_simcore.gen 
Execute       source /home/jc2489/tools/Xilinx/2023.1/Vitis_HLS/2023.1/common/technology/generic/autopilot/interface.gen 
Execute       source /workspace/examples/vect_mult/vect_mult_prj/solution1/.autopilot/db/global.setting.tcl 
Execute       source /home/jc2489/tools/Xilinx/2023.1/Vitis_HLS/2023.1/common/technology/xilinx/common/xilinx.gen 
Execute         source /home/jc2489/tools/Xilinx/2023.1/Vitis_HLS/2023.1/common/technology/xilinx/interface/plb46.gen 
Execute         source /home/jc2489/tools/Xilinx/2023.1/Vitis_HLS/2023.1/common/technology/xilinx/interface/axi4.gen 
Execute         source /home/jc2489/tools/Xilinx/2023.1/Vitis_HLS/2023.1/common/technology/xilinx/interface/nativeAXI4.gen 
Execute           source /home/jc2489/tools/Xilinx/2023.1/Vitis_HLS/2023.1/common/technology/xilinx/interface/saxilite.gen 
Execute         source /home/jc2489/tools/Xilinx/2023.1/Vitis_HLS/2023.1/common/technology/xilinx/scripts/xilinxcoregen.gen 
Execute         source /home/jc2489/tools/Xilinx/2023.1/Vitis_HLS/2023.1/common/technology/xilinx/interface/XilEDKCoreGen.gen 
Execute         source /home/jc2489/tools/Xilinx/2023.1/Vitis_HLS/2023.1/common/technology/xilinx/ip/xfir.gen 
Execute         source /home/jc2489/tools/Xilinx/2023.1/Vitis_HLS/2023.1/common/technology/xilinx/ip/xfft.gen 
Execute         source /home/jc2489/tools/Xilinx/2023.1/Vitis_HLS/2023.1/common/technology/xilinx/ip/util.gen 
Execute         source /home/jc2489/tools/Xilinx/2023.1/Vitis_HLS/2023.1/common/technology/xilinx/ip/dds_compiler.gen 
Execute         source /home/jc2489/tools/Xilinx/2023.1/Vitis_HLS/2023.1/common/technology/xilinx/DSP48/dsp48.gen 
INFO-FLOW: DBG:PUTS:   using AESL_AUTOCG::g_clock_period=4.000 (was NA)
INFO-FLOW: DBG:PROC: ::AESL_AUTOMG::generate_ip_cores gen_sim_model='1' gen_fp_models='0' gen_for_export='0' dstSCDir='' dstVhdlDir='/workspace/examples/vect_mult/vect_mult_prj/solution1/.autopilot/db/vhdl' dstVlogDir='/workspace/examples/vect_mult/vect_mult_prj/solution1/.autopilot/db/vlog' tclDir='/workspace/examples/vect_mult/vect_mult_prj/solution1/.autopilot/db' modelList='vect_mult_mul_32s_32s_32_2_1
vect_mult_gmem_m_axi
vect_mult_control_s_axi
vect_mult
' expOnly='0'
Execute       source /workspace/examples/vect_mult/vect_mult_prj/solution1/.autopilot/db/global.setting.tcl 
Execute       ap_part_info -name xcu250-figd2104-2L-e -data names -quiet 
Execute       ap_part_info -name xcu250-figd2104-2L-e -data info -quiet 
Execute       source /workspace/examples/vect_mult/vect_mult_prj/solution1/.autopilot/db/global.setting.tcl 
Execute       source /workspace/examples/vect_mult/vect_mult_prj/solution1/.autopilot/db/global.setting.tcl 
Execute       source /workspace/examples/vect_mult/vect_mult_prj/solution1/.autopilot/db/vect_mult.compgen.tcl 
Execute         source ./control.slave.tcl 
INFO: [HLS 200-111] Finished Generating all RTL models: CPU user time: 0.42 seconds. CPU system time: 0.01 seconds. Elapsed time: 0.42 seconds; current allocated memory: 1.088 GB.
INFO-FLOW: DBG:PROC: ::HLSREPORTS::create_csynth_xml bind_info_var='bind_info' RtlSubPrefix='vect_mult_' outfile=''
INFO-FLOW: Running: create_csynth_xml read xml data
INFO-FLOW: Done: create_csynth_xml read xml data time: 0 seconds per iteration
INFO-FLOW: Running: create_csynth_xml bind info
INFO-FLOW: Done: create_csynth_xml bind info time: 0 seconds per iteration
INFO-FLOW: Running: create_csynth_xml config info
INFO-FLOW: Done: create_csynth_xml config info time: 0 seconds per iteration
INFO-FLOW: Running: create_csynth_xml write xml
INFO-FLOW: Done: create_csynth_xml write xml time: 0 seconds per iteration
INFO-FLOW: DBG:PUTS:      create_csynth_xml wrote csynth_xml=/workspace/examples/vect_mult/vect_mult_prj/solution1/syn/report/csynth.xml
INFO-FLOW: DBG:PROC: ::AP::DESIGN_DATA::generate_json generate_bd_files='0' generate_xo_files='0' modelList='vect_mult_mul_32s_32s_32_2_1
vect_mult_gmem_m_axi
vect_mult_control_s_axi
vect_mult
' rtl_lang='both' bootstrap_tcl='false' outdir='' outfilename=''
Execute       source /workspace/examples/vect_mult/vect_mult_prj/solution1/.autopilot/db/global.setting.tcl 
Execute       source /workspace/examples/vect_mult/vect_mult_prj/solution1/.autopilot/db/global.setting.tcl 
Execute       source /workspace/examples/vect_mult/vect_mult_prj/solution1/.autopilot/db/top-io-be.tcl 
Execute       source /workspace/examples/vect_mult/vect_mult_prj/solution1/.autopilot/db/vect_mult.tbgen.tcl 
Execute       source /workspace/examples/vect_mult/vect_mult_prj/solution1/.autopilot/db/vect_mult.compgen.dataonly.tcl 
Execute       source /workspace/examples/vect_mult/vect_mult_prj/solution1/.autopilot/db/vect_mult.compgen.dataonly.tcl 
Execute       source /workspace/examples/vect_mult/vect_mult_prj/solution1/.autopilot/db/vect_mult.rtl_wrap.cfg.tcl 
Execute       source /workspace/examples/vect_mult/vect_mult_prj/solution1/.autopilot/db/vect_mult.compgen.dataonly.tcl 
Execute       source /workspace/examples/vect_mult/vect_mult_prj/solution1/.autopilot/db/vect_mult.tbgen.tcl 
Execute       source /workspace/examples/vect_mult/vect_mult_prj/solution1/.autopilot/db/global.setting.tcl 
Execute       ap_part_info -name xcu250-figd2104-2L-e -data names -quiet 
Execute       ap_part_info -name xcu250-figd2104-2L-e -data info -quiet 
Execute       source /workspace/examples/vect_mult/vect_mult_prj/solution1/.autopilot/db/vect_mult.constraint.tcl 
Execute       sc_get_clocks vect_mult 
Execute       source /workspace/examples/vect_mult/vect_mult_prj/solution1/.autopilot/db/global.setting.tcl 
INFO-FLOW: DBG:PROC: ::HLSREPORTS::add_csynth_report_sections bind_info_dict='adapter_nodes {{BINDTYPE adapter DISPLAY {bind_adapter axilite} ID {} IMPL {} LATENCY {} OPTYPE {} PRAGMA yes RTLNAME control_s_axi_U SOURCE {} VARIABLE {} MODULE vect_mult LOOP {} BUNDLEDNAME control DSP 0 BRAM 0 URAM 0} {BINDTYPE adapter DISPLAY {bind_adapter axi_master} ID {} IMPL {} LATENCY {} OPTYPE {} PRAGMA yes RTLNAME gmem_m_axi_U SOURCE {} VARIABLE {} MODULE vect_mult LOOP {} BUNDLEDNAME gmem DSP 0 BRAM 2 URAM 0}} report_dict {TOPINST vect_mult MODULE2INSTS {vect_mult vect_mult} INST2MODULE {vect_mult vect_mult} INSTDATA {vect_mult {DEPTH 1 CHILDREN {}}} MODULEDATA {vect_mult {BINDINFO {{BINDTYPE op ID {} IMPL fabric LATENCY 0 OPTYPE add PRAGMA {} RTLNAME add_ln12_fu_267_p2 SOURCE vect_mult.cpp:12 VARIABLE add_ln12 LOOP VITIS_LOOP_12_1 BUNDLEDNAME {} DSP 0 BRAM 0 URAM 0 DISPNAME {bind_op add}} {BINDTYPE op ID {} IMPL fabric LATENCY 0 OPTYPE add PRAGMA {} RTLNAME add_ln14_fu_257_p2 SOURCE vect_mult.cpp:14 VARIABLE add_ln14 LOOP VITIS_LOOP_12_1 BUNDLEDNAME {} DSP 0 BRAM 0 URAM 0 DISPNAME {bind_op add}} {BINDTYPE op ID {} IMPL fabric LATENCY 0 OPTYPE add PRAGMA {} RTLNAME add_ln14_1_fu_282_p2 SOURCE vect_mult.cpp:14 VARIABLE add_ln14_1 LOOP VITIS_LOOP_12_1 BUNDLEDNAME {} DSP 0 BRAM 0 URAM 0 DISPNAME {bind_op add}} {BINDTYPE op ID {} IMPL auto LATENCY 1 OPTYPE mul PRAGMA {} RTLNAME mul_32s_32s_32_2_1_U1 SOURCE vect_mult.cpp:14 VARIABLE mul_ln14 LOOP VITIS_LOOP_12_1 BUNDLEDNAME {} DSP 3 BRAM 0 URAM 0 DISPNAME {bind_op mul}}} AREA {DSP 3 BRAM 2 URAM 0}}}}'
INFO-FLOW: DBG:PUTS:      update_csynth_reports json2rpt_hw_sw_interfaces
Execute       send_msg_by_id INFO @200-1603@%s  and missed bursts 
INFO: [HLS 200-1603] Design has inferred MAXI bursts and missed bursts, see Vitis HLS GUI synthesis summary report for detailed information.
INFO-FLOW: Running: gen_csynth_sec_pragma
INFO-FLOW: Done: gen_csynth_sec_pragma time: 0 seconds per iteration
INFO-FLOW: DBG:PUTS:      update_csynth_reports wrote xml
INFO-FLOW: DBG:PUTS:      update_csynth_reports appended to csynth rpt file
INFO: [HLS 200-111] Finished Updating report files: CPU user time: 0.33 seconds. CPU system time: 0 seconds. Elapsed time: 0.33 seconds; current allocated memory: 1.089 GB.
INFO: [VHDL 208-304] Generating VHDL RTL for vect_mult.
INFO: [VLOG 209-307] Generating Verilog RTL for vect_mult.
Execute       syn_report -model vect_mult -printsummary 
INFO: [HLS 200-790] **** Loop Constraint Status: All loop constraints were NOT satisfied.
INFO: [HLS 200-789] **** Estimated Fmax: 342.47 MHz
Command     autosyn done; 1.24 sec.
Command   csynth_design done; 9.06 sec.
INFO: [HLS 200-111] Finished Command csynth_design CPU user time: 3.03 seconds. CPU system time: 1.18 seconds. Elapsed time: 9.06 seconds; current allocated memory: 26.379 MB.
Execute   cosim_design 
INFO: [HLS 200-1510] Running: cosim_design 
Execute     source /workspace/examples/vect_mult/vect_mult_prj/solution1/.autopilot/db/global.setting.tcl 
Execute     source /workspace/examples/vect_mult/vect_mult_prj/solution1/.autopilot/db/global.setting.tcl 
Execute     source /workspace/examples/vect_mult/vect_mult_prj/solution1/.autopilot/db/global.setting.tcl 
INFO-FLOW: DBG:PUTS: read_platform_lib /workspace/examples/vect_mult/vect_mult_prj/solution1/.autopilot/db/global.setting.tcl
Execute     source /home/jc2489/tools/Xilinx/2023.1/Vitis_HLS/2023.1/common/technology/generic/autopilot/common.gen 
Execute       source /home/jc2489/tools/Xilinx/2023.1/Vitis_HLS/2023.1/common/technology/generic/autopilot/APCoreGen.gen 
Execute     source /home/jc2489/tools/Xilinx/2023.1/Vitis_HLS/2023.1/common/technology/generic/autopilot/op.gen 
Execute     source /home/jc2489/tools/Xilinx/2023.1/Vitis_HLS/2023.1/common/technology/generic/autopilot/op_simcore.gen 
Execute     source /home/jc2489/tools/Xilinx/2023.1/Vitis_HLS/2023.1/common/technology/generic/autopilot/interface.gen 
Execute     source /workspace/examples/vect_mult/vect_mult_prj/solution1/.autopilot/db/global.setting.tcl 
Execute     source /home/jc2489/tools/Xilinx/2023.1/Vitis_HLS/2023.1/common/technology/xilinx/common/xilinx.gen 
Execute       source /home/jc2489/tools/Xilinx/2023.1/Vitis_HLS/2023.1/common/technology/xilinx/interface/plb46.gen 
Execute       source /home/jc2489/tools/Xilinx/2023.1/Vitis_HLS/2023.1/common/technology/xilinx/interface/axi4.gen 
Execute       source /home/jc2489/tools/Xilinx/2023.1/Vitis_HLS/2023.1/common/technology/xilinx/interface/nativeAXI4.gen 
Execute         source /home/jc2489/tools/Xilinx/2023.1/Vitis_HLS/2023.1/common/technology/xilinx/interface/saxilite.gen 
Execute       source /home/jc2489/tools/Xilinx/2023.1/Vitis_HLS/2023.1/common/technology/xilinx/scripts/xilinxcoregen.gen 
Execute       source /home/jc2489/tools/Xilinx/2023.1/Vitis_HLS/2023.1/common/technology/xilinx/interface/XilEDKCoreGen.gen 
Execute       source /home/jc2489/tools/Xilinx/2023.1/Vitis_HLS/2023.1/common/technology/xilinx/ip/xfir.gen 
Execute       source /home/jc2489/tools/Xilinx/2023.1/Vitis_HLS/2023.1/common/technology/xilinx/ip/xfft.gen 
Execute       source /home/jc2489/tools/Xilinx/2023.1/Vitis_HLS/2023.1/common/technology/xilinx/ip/util.gen 
Execute       source /home/jc2489/tools/Xilinx/2023.1/Vitis_HLS/2023.1/common/technology/xilinx/ip/dds_compiler.gen 
Execute       source /home/jc2489/tools/Xilinx/2023.1/Vitis_HLS/2023.1/common/technology/xilinx/DSP48/dsp48.gen 
Execute     ap_part_info -name xcu250-figd2104-2L-e -data names -quiet 
Execute     ap_part_info -name xcu250-figd2104-2L-e -data info -quiet 
Execute     source /workspace/examples/vect_mult/vect_mult_prj/solution1/.autopilot/db/global.setting.tcl 
Execute     source /workspace/examples/vect_mult/vect_mult_prj/solution1/.autopilot/db/vect_mult.rtl_wrap.cfg.tcl 
Execute     source /workspace/examples/vect_mult/vect_mult_prj/solution1/.autopilot/db/vect_mult.tbgen.tcl 
Execute     source /workspace/examples/vect_mult/vect_mult_prj/solution1/.autopilot/db/vect_mult.tbgen.tcl 
Execute     source /workspace/examples/vect_mult/vect_mult_prj/solution1/.autopilot/db/vect_mult.tbgen.tcl 
Execute     source /workspace/examples/vect_mult/vect_mult_prj/solution1/.autopilot/db/vect_mult.tbgen.tcl 
INFO: [COSIM 212-47] Using XSIM for RTL simulation.
INFO: [COSIM 212-14] Instrumenting C test bench ...
Execute     ap_part_info -name xcu250-figd2104-2L-e -data info 
INFO-FLOW: TB processing: /workspace/examples/vect_mult/vect_mult.cpp /workspace/examples/vect_mult/vect_mult_prj/solution1/./sim/autowrap/testbench/vect_mult.cpp_pre.cpp
Execute     clang_tidy xilinx-tb-process -desc tb-process /workspace/examples/vect_mult/vect_mult_prj/solution1/./sim/autowrap/testbench/vect_mult.cpp_pre.cpp.tb.cpp std=c++14 
INFO-FLOW: exec /home/jc2489/tools/Xilinx/2023.1/Vitis_HLS/2023.1/lnx64/tools/clang-3.9-csynth/bin/clang-tidy -header-filter=.* --checks=-*,xilinx-tb-process -fix-errors /workspace/examples/vect_mult/vect_mult_prj/solution1/./sim/autowrap/testbench/vect_mult.cpp_pre.cpp.tb.cpp -- -std=c++14 -fhls -ferror-limit=0
Execute     source /workspace/examples/vect_mult/vect_mult_prj/solution1/./sim/autowrap/testbench/tb.status.tcl 
Execute     source /workspace/examples/vect_mult/vect_mult_prj/solution1/.autopilot/db/global.setting.tcl 
Execute     source /workspace/examples/vect_mult/vect_mult_prj/solution1/.autopilot/db/vect_mult.rtl_wrap.cfg.tcl 
Execute     source /workspace/examples/vect_mult/vect_mult_prj/solution1/.autopilot/db/vect_mult.rtl_wrap.cfg.tcl 
Execute     source /workspace/examples/vect_mult/vect_mult_prj/solution1/.autopilot/db/vect_mult.rtl_wrap.cfg.tcl 
Execute     source /workspace/examples/vect_mult/vect_mult_prj/solution1/.autopilot/db/vect_mult.tbgen.tcl 
Execute     source /workspace/examples/vect_mult/vect_mult_prj/solution1/.autopilot/db/vect_mult.tbgen.tcl 
Execute     ap_part_info -name xcu250-figd2104-2L-e -data info 
Execute     source .run_sim.tcl 
INFO: [COSIM 212-302] Starting C TB testing ... 
Command     ap_source done; 0.19 sec.
INFO: [COSIM 212-333] Generating C post check test bench ...
INFO: [COSIM 212-12] Generating RTL test bench ...
Execute     source ../tv/cdatafile/ref.tcl 
Execute     source /workspace/examples/vect_mult/vect_mult_prj/solution1/.autopilot/db/vect_mult.tbgen.tcl 
Execute     source /workspace/examples/vect_mult/vect_mult_prj/solution1/.autopilot/db/vect_mult.tbgen.tcl 
Execute     source /workspace/examples/vect_mult/vect_mult_prj/solution1/.autopilot/db/vect_mult.tbgen.tcl 
Execute     source /workspace/examples/vect_mult/vect_mult_prj/solution1/.autopilot/db/vect_mult.tbgen.tcl 
Execute     source ../tv/cdatafile/ref.tcl 
Execute     source /workspace/examples/vect_mult/vect_mult_prj/solution1/.autopilot/db/vect_mult.tbgen.tcl 
Execute     source /workspace/examples/vect_mult/vect_mult_prj/solution1/.autopilot/db/vect_mult.tbgen.tcl 
Execute     source /workspace/examples/vect_mult/vect_mult_prj/solution1/.autopilot/db/vect_mult.tbgen.tcl 
Execute     source /workspace/examples/vect_mult/vect_mult_prj/solution1/.autopilot/db/vect_mult.tbgen.tcl 
Execute     source /workspace/examples/vect_mult/vect_mult_prj/solution1/.autopilot/db/vect_mult.tbgen.tcl 
Execute     source /workspace/examples/vect_mult/vect_mult_prj/solution1/.autopilot/db/vect_mult.tbgen.tcl 
Execute     source /workspace/examples/vect_mult/vect_mult_prj/solution1/.autopilot/db/vect_mult.tbgen.tcl 
Execute     source /workspace/examples/vect_mult/vect_mult_prj/solution1/.autopilot/db/vect_mult.tbgen.tcl 
Execute     source /workspace/examples/vect_mult/vect_mult_prj/solution1/.autopilot/db/vect_mult.tbgen.tcl 
Execute     source /workspace/examples/vect_mult/vect_mult_prj/solution1/.autopilot/db/vect_mult.tbgen.tcl 
Execute     source /workspace/examples/vect_mult/vect_mult_prj/solution1/.autopilot/db/vect_mult.tbgen.tcl 
Execute     source /workspace/examples/vect_mult/vect_mult_prj/solution1/.autopilot/db/vect_mult.DependenceCheck.tcl 
Execute     source /workspace/examples/vect_mult/vect_mult_prj/solution1/.autopilot/db/vect_mult.tbgen.tcl 
INFO: [COSIM 212-1] *** C/RTL co-simulation file generation completed. ***
Execute     source .run_sim.tcl 
Execute       source check_sim.tcl 
Execute       source dataflow_monitor_API.tcl 
Execute       source .sim.status.tcl 
INFO: [COSIM 212-323] Starting verilog simulation. 
INFO: [COSIM 212-15] Starting XSIM ...
Execute       send_msg_by_id WARNING @200-2011@ 
WARNING: [HLS 200-2011] Cannot find the 'zip' utility on this system. This is required for cosimulation.
INFO: [COSIM 212-316] Starting C post checking ...
Command     ap_source done; 8.84 sec.
INFO: [COSIM 212-1000] *** C/RTL co-simulation finished: PASS ***
INFO: [COSIM 212-211] II is measurable only when transaction number is greater than 1 in RTL simulation. Otherwise, they will be marked as all NA. If user wants to calculate them, please make sure there are at least 2 transactions in RTL simulation.
Command   cosim_design done; 12.72 sec.
INFO: [HLS 200-111] Finished Command cosim_design CPU user time: 11.55 seconds. CPU system time: 2.54 seconds. Elapsed time: 12.72 seconds; current allocated memory: 7.219 MB.
Command ap_source done; 24.19 sec.
Execute cleanup_all 
